[2026-03-11 00:00:00] Checking 8 active tasks...
[2026-03-11 00:00:00]   Task pattern-learning-system: age 3418m (timeout 120m)
[2026-03-11 00:00:00]     ⚠️  STALE (exceeded timeout)
[2026-03-11 00:00:00]   Task test-final: age 3384m (timeout 120m)
[2026-03-11 00:00:00]     ⚠️  STALE (exceeded timeout)
[2026-03-11 00:00:00]   Task fix-auth-system: age 3295m (timeout 120m)
[2026-03-11 00:00:00]     ⚠️  STALE (exceeded timeout)
[2026-03-11 00:00:00]   Task fix-api-500-errors: age 3295m (timeout 120m)
[2026-03-11 00:00:00]     ⚠️  STALE (exceeded timeout)
[2026-03-11 00:00:00]   Task fix-data-display-bugs: age 3295m (timeout 120m)
[2026-03-11 00:00:00]     ⚠️  STALE (exceeded timeout)
[2026-03-11 00:00:00]   Task fix-performance-critical: age 3295m (timeout 120m)
[2026-03-11 00:00:00]     ⚠️  STALE (exceeded timeout)
[2026-03-11 00:00:00]   Task fix-routing-404s: age 3295m (timeout 120m)
[2026-03-11 00:00:00]     ⚠️  STALE (exceeded timeout)
[2026-03-11 00:00:00]   Task add-values-explanations: age 3295m (timeout 120m)
[2026-03-11 00:00:00]     ⚠️  STALE (exceeded timeout)
[2026-03-11 00:00:00] Archiving 8 stale + 0 completed tasks...
[2026-03-11 00:10:00] Checking 8 active tasks...
[2026-03-11 00:10:00]   Task pattern-learning-system: age 3428m (timeout 120m)
[2026-03-11 00:10:00]     ⚠️  STALE (exceeded timeout)
[2026-03-11 00:10:00]   Task test-final: age 3394m (timeout 120m)
[2026-03-11 00:10:00]     ⚠️  STALE (exceeded timeout)
[2026-03-11 00:10:00]   Task fix-auth-system: age 3305m (timeout 120m)
[2026-03-11 00:10:00]     ⚠️  STALE (exceeded timeout)
[2026-03-11 00:10:00]   Task fix-api-500-errors: age 3305m (timeout 120m)
[2026-03-11 00:10:00]     ⚠️  STALE (exceeded timeout)
[2026-03-11 00:10:00]   Task fix-data-display-bugs: age 3305m (timeout 120m)
[2026-03-11 00:10:00]     ⚠️  STALE (exceeded timeout)
[2026-03-11 00:10:00]   Task fix-performance-critical: age 3305m (timeout 120m)
[2026-03-11 00:10:00]     ⚠️  STALE (exceeded timeout)
[2026-03-11 00:10:00]   Task fix-routing-404s: age 3305m (timeout 120m)
[2026-03-11 00:10:00]     ⚠️  STALE (exceeded timeout)
[2026-03-11 00:10:01]   Task add-values-explanations: age 3305m (timeout 120m)
[2026-03-11 00:10:01]     ⚠️  STALE (exceeded timeout)
[2026-03-11 00:10:01] Archiving 8 stale + 0 completed tasks...
[2026-03-11 00:20:00] Checking 8 active tasks...
[2026-03-11 00:20:00]   Task pattern-learning-system: age 3438m (timeout 120m)
[2026-03-11 00:20:00]     ⚠️  STALE (exceeded timeout)
[2026-03-11 00:20:00]   Task test-final: age 3404m (timeout 120m)
[2026-03-11 00:20:00]     ⚠️  STALE (exceeded timeout)
[2026-03-11 00:20:00]   Task fix-auth-system: age 3315m (timeout 120m)
[2026-03-11 00:20:00]     ⚠️  STALE (exceeded timeout)
[2026-03-11 00:20:00]   Task fix-api-500-errors: age 3315m (timeout 120m)
[2026-03-11 00:20:00]     ⚠️  STALE (exceeded timeout)
[2026-03-11 00:20:00]   Task fix-data-display-bugs: age 3315m (timeout 120m)
[2026-03-11 00:20:00]     ⚠️  STALE (exceeded timeout)
[2026-03-11 00:20:01]   Task fix-performance-critical: age 3315m (timeout 120m)
[2026-03-11 00:20:01]     ⚠️  STALE (exceeded timeout)
[2026-03-11 00:20:01]   Task fix-routing-404s: age 3315m (timeout 120m)
[2026-03-11 00:20:01]     ⚠️  STALE (exceeded timeout)
[2026-03-11 00:20:01]   Task add-values-explanations: age 3315m (timeout 120m)
[2026-03-11 00:20:01]     ⚠️  STALE (exceeded timeout)
[2026-03-11 00:20:01] Archiving 8 stale + 0 completed tasks...
[2026-03-11 00:30:00] Checking 8 active tasks...
[2026-03-11 00:30:00]   Task pattern-learning-system: age 3448m (timeout 120m)
[2026-03-11 00:30:00]     ⚠️  STALE (exceeded timeout)
[2026-03-11 00:30:00]   Task test-final: age 3414m (timeout 120m)
[2026-03-11 00:30:00]     ⚠️  STALE (exceeded timeout)
[2026-03-11 00:30:00]   Task fix-auth-system: age 3325m (timeout 120m)
[2026-03-11 00:30:00]     ⚠️  STALE (exceeded timeout)
[2026-03-11 00:30:00]   Task fix-api-500-errors: age 3325m (timeout 120m)
[2026-03-11 00:30:00]     ⚠️  STALE (exceeded timeout)
[2026-03-11 00:30:00]   Task fix-data-display-bugs: age 3325m (timeout 120m)
[2026-03-11 00:30:00]     ⚠️  STALE (exceeded timeout)
[2026-03-11 00:30:00]   Task fix-performance-critical: age 3325m (timeout 120m)
[2026-03-11 00:30:00]     ⚠️  STALE (exceeded timeout)
[2026-03-11 00:30:00]   Task fix-routing-404s: age 3325m (timeout 120m)
[2026-03-11 00:30:00]     ⚠️  STALE (exceeded timeout)
[2026-03-11 00:30:00]   Task add-values-explanations: age 3325m (timeout 120m)
[2026-03-11 00:30:00]     ⚠️  STALE (exceeded timeout)
[2026-03-11 00:30:00] Archiving 8 stale + 0 completed tasks...
[2026-03-11 00:40:00] Checking 8 active tasks...
[2026-03-11 00:40:00]   Task pattern-learning-system: age 3458m (timeout 120m)
[2026-03-11 00:40:00]     ⚠️  STALE (exceeded timeout)
[2026-03-11 00:40:00]   Task test-final: age 3424m (timeout 120m)
[2026-03-11 00:40:00]     ⚠️  STALE (exceeded timeout)
[2026-03-11 00:40:00]   Task fix-auth-system: age 3335m (timeout 120m)
[2026-03-11 00:40:00]     ⚠️  STALE (exceeded timeout)
[2026-03-11 00:40:00]   Task fix-api-500-errors: age 3335m (timeout 120m)
[2026-03-11 00:40:00]     ⚠️  STALE (exceeded timeout)
[2026-03-11 00:40:01]   Task fix-data-display-bugs: age 3335m (timeout 120m)
[2026-03-11 00:40:01]     ⚠️  STALE (exceeded timeout)
[2026-03-11 00:40:01]   Task fix-performance-critical: age 3335m (timeout 120m)
[2026-03-11 00:40:01]     ⚠️  STALE (exceeded timeout)
[2026-03-11 00:40:01]   Task fix-routing-404s: age 3335m (timeout 120m)
[2026-03-11 00:40:01]     ⚠️  STALE (exceeded timeout)
[2026-03-11 00:40:01]   Task add-values-explanations: age 3335m (timeout 120m)
[2026-03-11 00:40:01]     ⚠️  STALE (exceeded timeout)
[2026-03-11 00:40:01] Archiving 8 stale + 0 completed tasks...
[2026-03-11 00:50:01] Checking 8 active tasks...
[2026-03-11 00:50:01]   Task pattern-learning-system: age 3468m (timeout 120m)
[2026-03-11 00:50:01]     ⚠️  STALE (exceeded timeout)
[2026-03-11 00:50:01]   Task test-final: age 3434m (timeout 120m)
[2026-03-11 00:50:01]     ⚠️  STALE (exceeded timeout)
[2026-03-11 00:50:01]   Task fix-auth-system: age 3345m (timeout 120m)
[2026-03-11 00:50:01]     ⚠️  STALE (exceeded timeout)
[2026-03-11 00:50:01]   Task fix-api-500-errors: age 3345m (timeout 120m)
[2026-03-11 00:50:01]     ⚠️  STALE (exceeded timeout)
[2026-03-11 00:50:01]   Task fix-data-display-bugs: age 3345m (timeout 120m)
[2026-03-11 00:50:01]     ⚠️  STALE (exceeded timeout)
[2026-03-11 00:50:01]   Task fix-performance-critical: age 3345m (timeout 120m)
[2026-03-11 00:50:01]     ⚠️  STALE (exceeded timeout)
[2026-03-11 00:50:01]   Task fix-routing-404s: age 3345m (timeout 120m)
[2026-03-11 00:50:01]     ⚠️  STALE (exceeded timeout)
[2026-03-11 00:50:01]   Task add-values-explanations: age 3345m (timeout 120m)
[2026-03-11 00:50:01]     ⚠️  STALE (exceeded timeout)
[2026-03-11 00:50:01] Archiving 8 stale + 0 completed tasks...
[2026-03-11 01:00:00] Checking 8 active tasks...
[2026-03-11 01:00:00]   Task pattern-learning-system: age 3478m (timeout 120m)
[2026-03-11 01:00:00]     ⚠️  STALE (exceeded timeout)
[2026-03-11 01:00:00]   Task test-final: age 3444m (timeout 120m)
[2026-03-11 01:00:00]     ⚠️  STALE (exceeded timeout)
[2026-03-11 01:00:00]   Task fix-auth-system: age 3355m (timeout 120m)
[2026-03-11 01:00:00]     ⚠️  STALE (exceeded timeout)
[2026-03-11 01:00:00]   Task fix-api-500-errors: age 3355m (timeout 120m)
[2026-03-11 01:00:00]     ⚠️  STALE (exceeded timeout)
[2026-03-11 01:00:01]   Task fix-data-display-bugs: age 3355m (timeout 120m)
[2026-03-11 01:00:01]     ⚠️  STALE (exceeded timeout)
[2026-03-11 01:00:01]   Task fix-performance-critical: age 3355m (timeout 120m)
[2026-03-11 01:00:01]     ⚠️  STALE (exceeded timeout)
[2026-03-11 01:00:01]   Task fix-routing-404s: age 3355m (timeout 120m)
[2026-03-11 01:00:01]     ⚠️  STALE (exceeded timeout)
[2026-03-11 01:00:01]   Task add-values-explanations: age 3355m (timeout 120m)
[2026-03-11 01:00:01]     ⚠️  STALE (exceeded timeout)
[2026-03-11 01:00:01] Archiving 8 stale + 0 completed tasks...
[2026-03-11 01:10:00] Checking 8 active tasks...
[2026-03-11 01:10:00]   Task pattern-learning-system: age 3488m (timeout 120m)
[2026-03-11 01:10:00]     ⚠️  STALE (exceeded timeout)
[2026-03-11 01:10:00]   Task test-final: age 3454m (timeout 120m)
[2026-03-11 01:10:00]     ⚠️  STALE (exceeded timeout)
[2026-03-11 01:10:01]   Task fix-auth-system: age 3365m (timeout 120m)
[2026-03-11 01:10:01]     ⚠️  STALE (exceeded timeout)
[2026-03-11 01:10:01]   Task fix-api-500-errors: age 3365m (timeout 120m)
[2026-03-11 01:10:01]     ⚠️  STALE (exceeded timeout)
[2026-03-11 01:10:01]   Task fix-data-display-bugs: age 3365m (timeout 120m)
[2026-03-11 01:10:01]     ⚠️  STALE (exceeded timeout)
[2026-03-11 01:10:01]   Task fix-performance-critical: age 3365m (timeout 120m)
[2026-03-11 01:10:01]     ⚠️  STALE (exceeded timeout)
[2026-03-11 01:10:01]   Task fix-routing-404s: age 3365m (timeout 120m)
[2026-03-11 01:10:01]     ⚠️  STALE (exceeded timeout)
[2026-03-11 01:10:01]   Task add-values-explanations: age 3365m (timeout 120m)
[2026-03-11 01:10:01]     ⚠️  STALE (exceeded timeout)
[2026-03-11 01:10:01] Archiving 8 stale + 0 completed tasks...
[2026-03-11 01:20:00] Checking 8 active tasks...
[2026-03-11 01:20:01]   Task pattern-learning-system: age 3498m (timeout 120m)
[2026-03-11 01:20:01]     ⚠️  STALE (exceeded timeout)
[2026-03-11 01:20:01]   Task test-final: age 3464m (timeout 120m)
[2026-03-11 01:20:01]     ⚠️  STALE (exceeded timeout)
[2026-03-11 01:20:01]   Task fix-auth-system: age 3375m (timeout 120m)
[2026-03-11 01:20:01]     ⚠️  STALE (exceeded timeout)
[2026-03-11 01:20:01]   Task fix-api-500-errors: age 3375m (timeout 120m)
[2026-03-11 01:20:01]     ⚠️  STALE (exceeded timeout)
[2026-03-11 01:20:01]   Task fix-data-display-bugs: age 3375m (timeout 120m)
[2026-03-11 01:20:01]     ⚠️  STALE (exceeded timeout)
[2026-03-11 01:20:01]   Task fix-performance-critical: age 3375m (timeout 120m)
[2026-03-11 01:20:01]     ⚠️  STALE (exceeded timeout)
[2026-03-11 01:20:01]   Task fix-routing-404s: age 3375m (timeout 120m)
[2026-03-11 01:20:01]     ⚠️  STALE (exceeded timeout)
[2026-03-11 01:20:01]   Task add-values-explanations: age 3375m (timeout 120m)
[2026-03-11 01:20:01]     ⚠️  STALE (exceeded timeout)
[2026-03-11 01:20:01] Archiving 8 stale + 0 completed tasks...
[2026-03-11 01:30:00] Checking 8 active tasks...
[2026-03-11 01:30:00]   Task pattern-learning-system: age 3508m (timeout 120m)
[2026-03-11 01:30:00]     ⚠️  STALE (exceeded timeout)
[2026-03-11 01:30:00]   Task test-final: age 3474m (timeout 120m)
[2026-03-11 01:30:00]     ⚠️  STALE (exceeded timeout)
[2026-03-11 01:30:00]   Task fix-auth-system: age 3385m (timeout 120m)
[2026-03-11 01:30:00]     ⚠️  STALE (exceeded timeout)
[2026-03-11 01:30:01]   Task fix-api-500-errors: age 3385m (timeout 120m)
[2026-03-11 01:30:01]     ⚠️  STALE (exceeded timeout)
[2026-03-11 01:30:01]   Task fix-data-display-bugs: age 3385m (timeout 120m)
[2026-03-11 01:30:01]     ⚠️  STALE (exceeded timeout)
[2026-03-11 01:30:01]   Task fix-performance-critical: age 3385m (timeout 120m)
[2026-03-11 01:30:01]     ⚠️  STALE (exceeded timeout)
[2026-03-11 01:30:01]   Task fix-routing-404s: age 3385m (timeout 120m)
[2026-03-11 01:30:01]     ⚠️  STALE (exceeded timeout)
[2026-03-11 01:30:01]   Task add-values-explanations: age 3385m (timeout 120m)
[2026-03-11 01:30:01]     ⚠️  STALE (exceeded timeout)
[2026-03-11 01:30:01] Archiving 8 stale + 0 completed tasks...
[2026-03-11 01:40:00] Checking 8 active tasks...
[2026-03-11 01:40:00]   Task pattern-learning-system: age 3518m (timeout 120m)
[2026-03-11 01:40:00]     ⚠️  STALE (exceeded timeout)
[2026-03-11 01:40:00]   Task test-final: age 3484m (timeout 120m)
[2026-03-11 01:40:00]     ⚠️  STALE (exceeded timeout)
[2026-03-11 01:40:00]   Task fix-auth-system: age 3395m (timeout 120m)
[2026-03-11 01:40:00]     ⚠️  STALE (exceeded timeout)
[2026-03-11 01:40:00]   Task fix-api-500-errors: age 3395m (timeout 120m)
[2026-03-11 01:40:00]     ⚠️  STALE (exceeded timeout)
[2026-03-11 01:40:00]   Task fix-data-display-bugs: age 3395m (timeout 120m)
[2026-03-11 01:40:00]     ⚠️  STALE (exceeded timeout)
[2026-03-11 01:40:00]   Task fix-performance-critical: age 3395m (timeout 120m)
[2026-03-11 01:40:00]     ⚠️  STALE (exceeded timeout)
[2026-03-11 01:40:00]   Task fix-routing-404s: age 3395m (timeout 120m)
[2026-03-11 01:40:00]     ⚠️  STALE (exceeded timeout)
[2026-03-11 01:40:00]   Task add-values-explanations: age 3395m (timeout 120m)
[2026-03-11 01:40:00]     ⚠️  STALE (exceeded timeout)
[2026-03-11 01:40:00] Archiving 8 stale + 0 completed tasks...
[2026-03-11 01:50:00] Checking 8 active tasks...
[2026-03-11 01:50:00]   Task pattern-learning-system: age 3528m (timeout 120m)
[2026-03-11 01:50:00]     ⚠️  STALE (exceeded timeout)
[2026-03-11 01:50:00]   Task test-final: age 3494m (timeout 120m)
[2026-03-11 01:50:00]     ⚠️  STALE (exceeded timeout)
[2026-03-11 01:50:00]   Task fix-auth-system: age 3405m (timeout 120m)
[2026-03-11 01:50:00]     ⚠️  STALE (exceeded timeout)
[2026-03-11 01:50:00]   Task fix-api-500-errors: age 3405m (timeout 120m)
[2026-03-11 01:50:00]     ⚠️  STALE (exceeded timeout)
[2026-03-11 01:50:00]   Task fix-data-display-bugs: age 3405m (timeout 120m)
[2026-03-11 01:50:00]     ⚠️  STALE (exceeded timeout)
[2026-03-11 01:50:00]   Task fix-performance-critical: age 3405m (timeout 120m)
[2026-03-11 01:50:00]     ⚠️  STALE (exceeded timeout)
[2026-03-11 01:50:00]   Task fix-routing-404s: age 3405m (timeout 120m)
[2026-03-11 01:50:00]     ⚠️  STALE (exceeded timeout)
[2026-03-11 01:50:01]   Task add-values-explanations: age 3405m (timeout 120m)
[2026-03-11 01:50:01]     ⚠️  STALE (exceeded timeout)
[2026-03-11 01:50:01] Archiving 8 stale + 0 completed tasks...
[2026-03-11 02:00:00] Checking 8 active tasks...
[2026-03-11 02:00:00]   Task pattern-learning-system: age 3538m (timeout 120m)
[2026-03-11 02:00:00]     ⚠️  STALE (exceeded timeout)
[2026-03-11 02:00:00]   Task test-final: age 3504m (timeout 120m)
[2026-03-11 02:00:00]     ⚠️  STALE (exceeded timeout)
[2026-03-11 02:00:00]   Task fix-auth-system: age 3415m (timeout 120m)
[2026-03-11 02:00:00]     ⚠️  STALE (exceeded timeout)
[2026-03-11 02:00:00]   Task fix-api-500-errors: age 3415m (timeout 120m)
[2026-03-11 02:00:00]     ⚠️  STALE (exceeded timeout)
[2026-03-11 02:00:01]   Task fix-data-display-bugs: age 3415m (timeout 120m)
[2026-03-11 02:00:01]     ⚠️  STALE (exceeded timeout)
[2026-03-11 02:00:01]   Task fix-performance-critical: age 3415m (timeout 120m)
[2026-03-11 02:00:01]     ⚠️  STALE (exceeded timeout)
[2026-03-11 02:00:01]   Task fix-routing-404s: age 3415m (timeout 120m)
[2026-03-11 02:00:01]     ⚠️  STALE (exceeded timeout)
[2026-03-11 02:00:01]   Task add-values-explanations: age 3415m (timeout 120m)
[2026-03-11 02:00:01]     ⚠️  STALE (exceeded timeout)
[2026-03-11 02:00:01] Archiving 8 stale + 0 completed tasks...
[2026-03-11 02:10:00] Checking 8 active tasks...
[2026-03-11 02:10:00]   Task pattern-learning-system: age 3548m (timeout 120m)
[2026-03-11 02:10:00]     ⚠️  STALE (exceeded timeout)
[2026-03-11 02:10:00]   Task test-final: age 3514m (timeout 120m)
[2026-03-11 02:10:00]     ⚠️  STALE (exceeded timeout)
[2026-03-11 02:10:00]   Task fix-auth-system: age 3425m (timeout 120m)
[2026-03-11 02:10:00]     ⚠️  STALE (exceeded timeout)
[2026-03-11 02:10:01]   Task fix-api-500-errors: age 3425m (timeout 120m)
[2026-03-11 02:10:01]     ⚠️  STALE (exceeded timeout)
[2026-03-11 02:10:01]   Task fix-data-display-bugs: age 3425m (timeout 120m)
[2026-03-11 02:10:01]     ⚠️  STALE (exceeded timeout)
[2026-03-11 02:10:01]   Task fix-performance-critical: age 3425m (timeout 120m)
[2026-03-11 02:10:01]     ⚠️  STALE (exceeded timeout)
[2026-03-11 02:10:01]   Task fix-routing-404s: age 3425m (timeout 120m)
[2026-03-11 02:10:01]     ⚠️  STALE (exceeded timeout)
[2026-03-11 02:10:01]   Task add-values-explanations: age 3425m (timeout 120m)
[2026-03-11 02:10:01]     ⚠️  STALE (exceeded timeout)
[2026-03-11 02:10:01] Archiving 8 stale + 0 completed tasks...
[2026-03-11 02:20:00] Checking 8 active tasks...
[2026-03-11 02:20:01]   Task pattern-learning-system: age 3558m (timeout 120m)
[2026-03-11 02:20:01]     ⚠️  STALE (exceeded timeout)
[2026-03-11 02:20:01]   Task test-final: age 3524m (timeout 120m)
[2026-03-11 02:20:01]     ⚠️  STALE (exceeded timeout)
[2026-03-11 02:20:01]   Task fix-auth-system: age 3435m (timeout 120m)
[2026-03-11 02:20:01]     ⚠️  STALE (exceeded timeout)
[2026-03-11 02:20:01]   Task fix-api-500-errors: age 3435m (timeout 120m)
[2026-03-11 02:20:01]     ⚠️  STALE (exceeded timeout)
[2026-03-11 02:20:01]   Task fix-data-display-bugs: age 3435m (timeout 120m)
[2026-03-11 02:20:01]     ⚠️  STALE (exceeded timeout)
[2026-03-11 02:20:01]   Task fix-performance-critical: age 3435m (timeout 120m)
[2026-03-11 02:20:01]     ⚠️  STALE (exceeded timeout)
[2026-03-11 02:20:01]   Task fix-routing-404s: age 3435m (timeout 120m)
[2026-03-11 02:20:01]     ⚠️  STALE (exceeded timeout)
[2026-03-11 02:20:01]   Task add-values-explanations: age 3435m (timeout 120m)
[2026-03-11 02:20:01]     ⚠️  STALE (exceeded timeout)
[2026-03-11 02:20:01] Archiving 8 stale + 0 completed tasks...
[2026-03-11 02:30:00] Checking 8 active tasks...
[2026-03-11 02:30:00]   Task pattern-learning-system: age 3568m (timeout 120m)
[2026-03-11 02:30:00]     ⚠️  STALE (exceeded timeout)
[2026-03-11 02:30:00]   Task test-final: age 3534m (timeout 120m)
[2026-03-11 02:30:00]     ⚠️  STALE (exceeded timeout)
[2026-03-11 02:30:00]   Task fix-auth-system: age 3445m (timeout 120m)
[2026-03-11 02:30:01]     ⚠️  STALE (exceeded timeout)
[2026-03-11 02:30:01]   Task fix-api-500-errors: age 3445m (timeout 120m)
[2026-03-11 02:30:01]     ⚠️  STALE (exceeded timeout)
[2026-03-11 02:30:01]   Task fix-data-display-bugs: age 3445m (timeout 120m)
[2026-03-11 02:30:01]     ⚠️  STALE (exceeded timeout)
[2026-03-11 02:30:01]   Task fix-performance-critical: age 3445m (timeout 120m)
[2026-03-11 02:30:01]     ⚠️  STALE (exceeded timeout)
[2026-03-11 02:30:01]   Task fix-routing-404s: age 3445m (timeout 120m)
[2026-03-11 02:30:01]     ⚠️  STALE (exceeded timeout)
[2026-03-11 02:30:01]   Task add-values-explanations: age 3445m (timeout 120m)
[2026-03-11 02:30:01]     ⚠️  STALE (exceeded timeout)
[2026-03-11 02:30:01] Archiving 8 stale + 0 completed tasks...
[2026-03-11 02:40:00] Checking 8 active tasks...
[2026-03-11 02:40:01]   Task pattern-learning-system: age 3578m (timeout 120m)
[2026-03-11 02:40:01]     ⚠️  STALE (exceeded timeout)
[2026-03-11 02:40:01]   Task test-final: age 3544m (timeout 120m)
[2026-03-11 02:40:01]     ⚠️  STALE (exceeded timeout)
[2026-03-11 02:40:01]   Task fix-auth-system: age 3455m (timeout 120m)
[2026-03-11 02:40:01]     ⚠️  STALE (exceeded timeout)
[2026-03-11 02:40:01]   Task fix-api-500-errors: age 3455m (timeout 120m)
[2026-03-11 02:40:01]     ⚠️  STALE (exceeded timeout)
[2026-03-11 02:40:01]   Task fix-data-display-bugs: age 3455m (timeout 120m)
[2026-03-11 02:40:01]     ⚠️  STALE (exceeded timeout)
[2026-03-11 02:40:01]   Task fix-performance-critical: age 3455m (timeout 120m)
[2026-03-11 02:40:01]     ⚠️  STALE (exceeded timeout)
[2026-03-11 02:40:01]   Task fix-routing-404s: age 3455m (timeout 120m)
[2026-03-11 02:40:01]     ⚠️  STALE (exceeded timeout)
[2026-03-11 02:40:01]   Task add-values-explanations: age 3455m (timeout 120m)
[2026-03-11 02:40:01]     ⚠️  STALE (exceeded timeout)
[2026-03-11 02:40:01] Archiving 8 stale + 0 completed tasks...
[2026-03-11 02:50:00] Checking 8 active tasks...
[2026-03-11 02:50:00]   Task pattern-learning-system: age 3588m (timeout 120m)
[2026-03-11 02:50:00]     ⚠️  STALE (exceeded timeout)
[2026-03-11 02:50:00]   Task test-final: age 3554m (timeout 120m)
[2026-03-11 02:50:00]     ⚠️  STALE (exceeded timeout)
[2026-03-11 02:50:00]   Task fix-auth-system: age 3465m (timeout 120m)
[2026-03-11 02:50:00]     ⚠️  STALE (exceeded timeout)
[2026-03-11 02:50:00]   Task fix-api-500-errors: age 3465m (timeout 120m)
[2026-03-11 02:50:00]     ⚠️  STALE (exceeded timeout)
[2026-03-11 02:50:00]   Task fix-data-display-bugs: age 3465m (timeout 120m)
[2026-03-11 02:50:00]     ⚠️  STALE (exceeded timeout)
[2026-03-11 02:50:00]   Task fix-performance-critical: age 3465m (timeout 120m)
[2026-03-11 02:50:00]     ⚠️  STALE (exceeded timeout)
[2026-03-11 02:50:00]   Task fix-routing-404s: age 3465m (timeout 120m)
[2026-03-11 02:50:00]     ⚠️  STALE (exceeded timeout)
[2026-03-11 02:50:00]   Task add-values-explanations: age 3465m (timeout 120m)
[2026-03-11 02:50:01]     ⚠️  STALE (exceeded timeout)
[2026-03-11 02:50:01] Archiving 8 stale + 0 completed tasks...
[2026-03-11 03:00:00] Checking 8 active tasks...
[2026-03-11 03:00:01]   Task pattern-learning-system: age 3598m (timeout 120m)
[2026-03-11 03:00:01]     ⚠️  STALE (exceeded timeout)
[2026-03-11 03:00:01]   Task test-final: age 3564m (timeout 120m)
[2026-03-11 03:00:01]     ⚠️  STALE (exceeded timeout)
[2026-03-11 03:00:01]   Task fix-auth-system: age 3475m (timeout 120m)
[2026-03-11 03:00:01]     ⚠️  STALE (exceeded timeout)
[2026-03-11 03:00:01]   Task fix-api-500-errors: age 3475m (timeout 120m)
[2026-03-11 03:00:01]     ⚠️  STALE (exceeded timeout)
[2026-03-11 03:00:01]   Task fix-data-display-bugs: age 3475m (timeout 120m)
[2026-03-11 03:00:01]     ⚠️  STALE (exceeded timeout)
[2026-03-11 03:00:01]   Task fix-performance-critical: age 3475m (timeout 120m)
[2026-03-11 03:00:01]     ⚠️  STALE (exceeded timeout)
[2026-03-11 03:00:01]   Task fix-routing-404s: age 3475m (timeout 120m)
[2026-03-11 03:00:01]     ⚠️  STALE (exceeded timeout)
[2026-03-11 03:00:01]   Task add-values-explanations: age 3475m (timeout 120m)
[2026-03-11 03:00:01]     ⚠️  STALE (exceeded timeout)
[2026-03-11 03:00:01] Archiving 8 stale + 0 completed tasks...
[2026-03-11 03:10:00] Checking 8 active tasks...
[2026-03-11 03:10:00]   Task pattern-learning-system: age 3608m (timeout 120m)
[2026-03-11 03:10:00]     ⚠️  STALE (exceeded timeout)
[2026-03-11 03:10:00]   Task test-final: age 3574m (timeout 120m)
[2026-03-11 03:10:00]     ⚠️  STALE (exceeded timeout)
[2026-03-11 03:10:00]   Task fix-auth-system: age 3485m (timeout 120m)
[2026-03-11 03:10:00]     ⚠️  STALE (exceeded timeout)
[2026-03-11 03:10:01]   Task fix-api-500-errors: age 3485m (timeout 120m)
[2026-03-11 03:10:01]     ⚠️  STALE (exceeded timeout)
[2026-03-11 03:10:01]   Task fix-data-display-bugs: age 3485m (timeout 120m)
[2026-03-11 03:10:01]     ⚠️  STALE (exceeded timeout)
[2026-03-11 03:10:01]   Task fix-performance-critical: age 3485m (timeout 120m)
[2026-03-11 03:10:01]     ⚠️  STALE (exceeded timeout)
[2026-03-11 03:10:01]   Task fix-routing-404s: age 3485m (timeout 120m)
[2026-03-11 03:10:01]     ⚠️  STALE (exceeded timeout)
[2026-03-11 03:10:01]   Task add-values-explanations: age 3485m (timeout 120m)
[2026-03-11 03:10:01]     ⚠️  STALE (exceeded timeout)
[2026-03-11 03:10:01] Archiving 8 stale + 0 completed tasks...
[2026-03-11 03:20:00] Checking 8 active tasks...
[2026-03-11 03:20:01]   Task pattern-learning-system: age 3618m (timeout 120m)
[2026-03-11 03:20:01]     ⚠️  STALE (exceeded timeout)
[2026-03-11 03:20:01]   Task test-final: age 3584m (timeout 120m)
[2026-03-11 03:20:01]     ⚠️  STALE (exceeded timeout)
[2026-03-11 03:20:01]   Task fix-auth-system: age 3495m (timeout 120m)
[2026-03-11 03:20:01]     ⚠️  STALE (exceeded timeout)
[2026-03-11 03:20:01]   Task fix-api-500-errors: age 3495m (timeout 120m)
[2026-03-11 03:20:01]     ⚠️  STALE (exceeded timeout)
[2026-03-11 03:20:01]   Task fix-data-display-bugs: age 3495m (timeout 120m)
[2026-03-11 03:20:01]     ⚠️  STALE (exceeded timeout)
[2026-03-11 03:20:01]   Task fix-performance-critical: age 3495m (timeout 120m)
[2026-03-11 03:20:01]     ⚠️  STALE (exceeded timeout)
[2026-03-11 03:20:01]   Task fix-routing-404s: age 3495m (timeout 120m)
[2026-03-11 03:20:01]     ⚠️  STALE (exceeded timeout)
[2026-03-11 03:20:01]   Task add-values-explanations: age 3495m (timeout 120m)
[2026-03-11 03:20:01]     ⚠️  STALE (exceeded timeout)
[2026-03-11 03:20:01] Archiving 8 stale + 0 completed tasks...
[2026-03-11 03:30:00] Checking 8 active tasks...
[2026-03-11 03:30:00]   Task pattern-learning-system: age 3628m (timeout 120m)
[2026-03-11 03:30:00]     ⚠️  STALE (exceeded timeout)
[2026-03-11 03:30:00]   Task test-final: age 3594m (timeout 120m)
[2026-03-11 03:30:00]     ⚠️  STALE (exceeded timeout)
[2026-03-11 03:30:00]   Task fix-auth-system: age 3505m (timeout 120m)
[2026-03-11 03:30:00]     ⚠️  STALE (exceeded timeout)
[2026-03-11 03:30:00]   Task fix-api-500-errors: age 3505m (timeout 120m)
[2026-03-11 03:30:00]     ⚠️  STALE (exceeded timeout)
[2026-03-11 03:30:00]   Task fix-data-display-bugs: age 3505m (timeout 120m)
[2026-03-11 03:30:00]     ⚠️  STALE (exceeded timeout)
[2026-03-11 03:30:00]   Task fix-performance-critical: age 3505m (timeout 120m)
[2026-03-11 03:30:00]     ⚠️  STALE (exceeded timeout)
[2026-03-11 03:30:00]   Task fix-routing-404s: age 3505m (timeout 120m)
[2026-03-11 03:30:00]     ⚠️  STALE (exceeded timeout)
[2026-03-11 03:30:00]   Task add-values-explanations: age 3505m (timeout 120m)
[2026-03-11 03:30:00]     ⚠️  STALE (exceeded timeout)
[2026-03-11 03:30:00] Archiving 8 stale + 0 completed tasks...
[2026-03-11 03:40:00] Checking 8 active tasks...
[2026-03-11 03:40:00]   Task pattern-learning-system: age 3638m (timeout 120m)
[2026-03-11 03:40:00]     ⚠️  STALE (exceeded timeout)
[2026-03-11 03:40:00]   Task test-final: age 3604m (timeout 120m)
[2026-03-11 03:40:00]     ⚠️  STALE (exceeded timeout)
[2026-03-11 03:40:00]   Task fix-auth-system: age 3515m (timeout 120m)
[2026-03-11 03:40:00]     ⚠️  STALE (exceeded timeout)
[2026-03-11 03:40:00]   Task fix-api-500-errors: age 3515m (timeout 120m)
[2026-03-11 03:40:00]     ⚠️  STALE (exceeded timeout)
[2026-03-11 03:40:00]   Task fix-data-display-bugs: age 3515m (timeout 120m)
[2026-03-11 03:40:00]     ⚠️  STALE (exceeded timeout)
[2026-03-11 03:40:01]   Task fix-performance-critical: age 3515m (timeout 120m)
[2026-03-11 03:40:01]     ⚠️  STALE (exceeded timeout)
[2026-03-11 03:40:01]   Task fix-routing-404s: age 3515m (timeout 120m)
[2026-03-11 03:40:01]     ⚠️  STALE (exceeded timeout)
[2026-03-11 03:40:01]   Task add-values-explanations: age 3515m (timeout 120m)
[2026-03-11 03:40:01]     ⚠️  STALE (exceeded timeout)
[2026-03-11 03:40:01] Archiving 8 stale + 0 completed tasks...
[2026-03-11 03:50:00] Checking 8 active tasks...
[2026-03-11 03:50:00]   Task pattern-learning-system: age 3648m (timeout 120m)
[2026-03-11 03:50:00]     ⚠️  STALE (exceeded timeout)
[2026-03-11 03:50:00]   Task test-final: age 3614m (timeout 120m)
[2026-03-11 03:50:00]     ⚠️  STALE (exceeded timeout)
[2026-03-11 03:50:00]   Task fix-auth-system: age 3525m (timeout 120m)
[2026-03-11 03:50:00]     ⚠️  STALE (exceeded timeout)
[2026-03-11 03:50:01]   Task fix-api-500-errors: age 3525m (timeout 120m)
[2026-03-11 03:50:01]     ⚠️  STALE (exceeded timeout)
[2026-03-11 03:50:01]   Task fix-data-display-bugs: age 3525m (timeout 120m)
[2026-03-11 03:50:01]     ⚠️  STALE (exceeded timeout)
[2026-03-11 03:50:01]   Task fix-performance-critical: age 3525m (timeout 120m)
[2026-03-11 03:50:01]     ⚠️  STALE (exceeded timeout)
[2026-03-11 03:50:01]   Task fix-routing-404s: age 3525m (timeout 120m)
[2026-03-11 03:50:01]     ⚠️  STALE (exceeded timeout)
[2026-03-11 03:50:01]   Task add-values-explanations: age 3525m (timeout 120m)
[2026-03-11 03:50:01]     ⚠️  STALE (exceeded timeout)
[2026-03-11 03:50:01] Archiving 8 stale + 0 completed tasks...
[2026-03-11 04:00:01] Checking 8 active tasks...
[2026-03-11 04:00:01]   Task pattern-learning-system: age 3658m (timeout 120m)
[2026-03-11 04:00:01]     ⚠️  STALE (exceeded timeout)
[2026-03-11 04:00:01]   Task test-final: age 3624m (timeout 120m)
[2026-03-11 04:00:01]     ⚠️  STALE (exceeded timeout)
[2026-03-11 04:00:01]   Task fix-auth-system: age 3535m (timeout 120m)
[2026-03-11 04:00:01]     ⚠️  STALE (exceeded timeout)
[2026-03-11 04:00:01]   Task fix-api-500-errors: age 3535m (timeout 120m)
[2026-03-11 04:00:01]     ⚠️  STALE (exceeded timeout)
[2026-03-11 04:00:01]   Task fix-data-display-bugs: age 3535m (timeout 120m)
[2026-03-11 04:00:01]     ⚠️  STALE (exceeded timeout)
[2026-03-11 04:00:01]   Task fix-performance-critical: age 3535m (timeout 120m)
[2026-03-11 04:00:01]     ⚠️  STALE (exceeded timeout)
[2026-03-11 04:00:01]   Task fix-routing-404s: age 3535m (timeout 120m)
[2026-03-11 04:00:01]     ⚠️  STALE (exceeded timeout)
[2026-03-11 04:00:01]   Task add-values-explanations: age 3535m (timeout 120m)
[2026-03-11 04:00:01]     ⚠️  STALE (exceeded timeout)
[2026-03-11 04:00:01] Archiving 8 stale + 0 completed tasks...
[2026-03-11 04:10:00] Checking 8 active tasks...
[2026-03-11 04:10:00]   Task pattern-learning-system: age 3668m (timeout 120m)
[2026-03-11 04:10:00]     ⚠️  STALE (exceeded timeout)
[2026-03-11 04:10:00]   Task test-final: age 3634m (timeout 120m)
[2026-03-11 04:10:00]     ⚠️  STALE (exceeded timeout)
[2026-03-11 04:10:00]   Task fix-auth-system: age 3545m (timeout 120m)
[2026-03-11 04:10:00]     ⚠️  STALE (exceeded timeout)
[2026-03-11 04:10:00]   Task fix-api-500-errors: age 3545m (timeout 120m)
[2026-03-11 04:10:00]     ⚠️  STALE (exceeded timeout)
[2026-03-11 04:10:00]   Task fix-data-display-bugs: age 3545m (timeout 120m)
[2026-03-11 04:10:00]     ⚠️  STALE (exceeded timeout)
[2026-03-11 04:10:01]   Task fix-performance-critical: age 3545m (timeout 120m)
[2026-03-11 04:10:01]     ⚠️  STALE (exceeded timeout)
[2026-03-11 04:10:01]   Task fix-routing-404s: age 3545m (timeout 120m)
[2026-03-11 04:10:01]     ⚠️  STALE (exceeded timeout)
[2026-03-11 04:10:01]   Task add-values-explanations: age 3545m (timeout 120m)
[2026-03-11 04:10:01]     ⚠️  STALE (exceeded timeout)
