[2026-03-10 00:00:00] Checking 8 active tasks...
[2026-03-10 00:00:00]   Task pattern-learning-system: age 1978m (timeout 120m)
[2026-03-10 00:00:00]     ⚠️  STALE (exceeded timeout)
[2026-03-10 00:00:00]   Task test-final: age 1944m (timeout 120m)
[2026-03-10 00:00:00]     ⚠️  STALE (exceeded timeout)
[2026-03-10 00:00:00]   Task fix-auth-system: age 1855m (timeout 120m)
[2026-03-10 00:00:00]     ⚠️  STALE (exceeded timeout)
[2026-03-10 00:00:01]   Task fix-api-500-errors: age 1855m (timeout 120m)
[2026-03-10 00:00:01]     ⚠️  STALE (exceeded timeout)
[2026-03-10 00:00:01]   Task fix-data-display-bugs: age 1855m (timeout 120m)
[2026-03-10 00:00:01]     ⚠️  STALE (exceeded timeout)
[2026-03-10 00:00:01]   Task fix-performance-critical: age 1855m (timeout 120m)
[2026-03-10 00:00:01]     ⚠️  STALE (exceeded timeout)
[2026-03-10 00:00:01]   Task fix-routing-404s: age 1855m (timeout 120m)
[2026-03-10 00:00:01]     ⚠️  STALE (exceeded timeout)
[2026-03-10 00:00:01]   Task add-values-explanations: age 1855m (timeout 120m)
[2026-03-10 00:00:01]     ⚠️  STALE (exceeded timeout)
[2026-03-10 00:00:01] Archiving 8 stale + 0 completed tasks...
[2026-03-10 00:10:00] Checking 8 active tasks...
[2026-03-10 00:10:00]   Task pattern-learning-system: age 1988m (timeout 120m)
[2026-03-10 00:10:00]     ⚠️  STALE (exceeded timeout)
[2026-03-10 00:10:00]   Task test-final: age 1954m (timeout 120m)
[2026-03-10 00:10:00]     ⚠️  STALE (exceeded timeout)
[2026-03-10 00:10:00]   Task fix-auth-system: age 1865m (timeout 120m)
[2026-03-10 00:10:00]     ⚠️  STALE (exceeded timeout)
[2026-03-10 00:10:00]   Task fix-api-500-errors: age 1865m (timeout 120m)
[2026-03-10 00:10:00]     ⚠️  STALE (exceeded timeout)
[2026-03-10 00:10:00]   Task fix-data-display-bugs: age 1865m (timeout 120m)
[2026-03-10 00:10:00]     ⚠️  STALE (exceeded timeout)
[2026-03-10 00:10:00]   Task fix-performance-critical: age 1865m (timeout 120m)
[2026-03-10 00:10:00]     ⚠️  STALE (exceeded timeout)
[2026-03-10 00:10:00]   Task fix-routing-404s: age 1865m (timeout 120m)
[2026-03-10 00:10:00]     ⚠️  STALE (exceeded timeout)
[2026-03-10 00:10:01]   Task add-values-explanations: age 1865m (timeout 120m)
[2026-03-10 00:10:01]     ⚠️  STALE (exceeded timeout)
[2026-03-10 00:10:01] Archiving 8 stale + 0 completed tasks...
[2026-03-10 00:20:00] Checking 8 active tasks...
[2026-03-10 00:20:00]   Task pattern-learning-system: age 1998m (timeout 120m)
[2026-03-10 00:20:00]     ⚠️  STALE (exceeded timeout)
[2026-03-10 00:20:01]   Task test-final: age 1964m (timeout 120m)
[2026-03-10 00:20:01]     ⚠️  STALE (exceeded timeout)
[2026-03-10 00:20:01]   Task fix-auth-system: age 1875m (timeout 120m)
[2026-03-10 00:20:01]     ⚠️  STALE (exceeded timeout)
[2026-03-10 00:20:01]   Task fix-api-500-errors: age 1875m (timeout 120m)
[2026-03-10 00:20:01]     ⚠️  STALE (exceeded timeout)
[2026-03-10 00:20:01]   Task fix-data-display-bugs: age 1875m (timeout 120m)
[2026-03-10 00:20:01]     ⚠️  STALE (exceeded timeout)
[2026-03-10 00:20:01]   Task fix-performance-critical: age 1875m (timeout 120m)
[2026-03-10 00:20:01]     ⚠️  STALE (exceeded timeout)
[2026-03-10 00:20:01]   Task fix-routing-404s: age 1875m (timeout 120m)
[2026-03-10 00:20:01]     ⚠️  STALE (exceeded timeout)
[2026-03-10 00:20:01]   Task add-values-explanations: age 1875m (timeout 120m)
[2026-03-10 00:20:01]     ⚠️  STALE (exceeded timeout)
[2026-03-10 00:20:01] Archiving 8 stale + 0 completed tasks...
[2026-03-10 00:30:01] Checking 8 active tasks...
[2026-03-10 00:30:01]   Task pattern-learning-system: age 2008m (timeout 120m)
[2026-03-10 00:30:01]     ⚠️  STALE (exceeded timeout)
[2026-03-10 00:30:01]   Task test-final: age 1974m (timeout 120m)
[2026-03-10 00:30:01]     ⚠️  STALE (exceeded timeout)
[2026-03-10 00:30:01]   Task fix-auth-system: age 1885m (timeout 120m)
[2026-03-10 00:30:01]     ⚠️  STALE (exceeded timeout)
[2026-03-10 00:30:01]   Task fix-api-500-errors: age 1885m (timeout 120m)
[2026-03-10 00:30:01]     ⚠️  STALE (exceeded timeout)
[2026-03-10 00:30:01]   Task fix-data-display-bugs: age 1885m (timeout 120m)
[2026-03-10 00:30:01]     ⚠️  STALE (exceeded timeout)
[2026-03-10 00:30:01]   Task fix-performance-critical: age 1885m (timeout 120m)
[2026-03-10 00:30:01]     ⚠️  STALE (exceeded timeout)
[2026-03-10 00:30:01]   Task fix-routing-404s: age 1885m (timeout 120m)
[2026-03-10 00:30:01]     ⚠️  STALE (exceeded timeout)
[2026-03-10 00:30:01]   Task add-values-explanations: age 1885m (timeout 120m)
[2026-03-10 00:30:01]     ⚠️  STALE (exceeded timeout)
[2026-03-10 00:30:01] Archiving 8 stale + 0 completed tasks...
[2026-03-10 00:40:00] Checking 8 active tasks...
[2026-03-10 00:40:00]   Task pattern-learning-system: age 2018m (timeout 120m)
[2026-03-10 00:40:00]     ⚠️  STALE (exceeded timeout)
[2026-03-10 00:40:00]   Task test-final: age 1984m (timeout 120m)
[2026-03-10 00:40:00]     ⚠️  STALE (exceeded timeout)
[2026-03-10 00:40:00]   Task fix-auth-system: age 1895m (timeout 120m)
[2026-03-10 00:40:00]     ⚠️  STALE (exceeded timeout)
[2026-03-10 00:40:00]   Task fix-api-500-errors: age 1895m (timeout 120m)
[2026-03-10 00:40:00]     ⚠️  STALE (exceeded timeout)
[2026-03-10 00:40:00]   Task fix-data-display-bugs: age 1895m (timeout 120m)
[2026-03-10 00:40:01]     ⚠️  STALE (exceeded timeout)
[2026-03-10 00:40:01]   Task fix-performance-critical: age 1895m (timeout 120m)
[2026-03-10 00:40:01]     ⚠️  STALE (exceeded timeout)
[2026-03-10 00:40:01]   Task fix-routing-404s: age 1895m (timeout 120m)
[2026-03-10 00:40:01]     ⚠️  STALE (exceeded timeout)
[2026-03-10 00:40:01]   Task add-values-explanations: age 1895m (timeout 120m)
[2026-03-10 00:40:01]     ⚠️  STALE (exceeded timeout)
[2026-03-10 00:40:01] Archiving 8 stale + 0 completed tasks...
[2026-03-10 00:50:01] Checking 8 active tasks...
[2026-03-10 00:50:01]   Task pattern-learning-system: age 2028m (timeout 120m)
[2026-03-10 00:50:01]     ⚠️  STALE (exceeded timeout)
[2026-03-10 00:50:01]   Task test-final: age 1994m (timeout 120m)
[2026-03-10 00:50:01]     ⚠️  STALE (exceeded timeout)
[2026-03-10 00:50:01]   Task fix-auth-system: age 1905m (timeout 120m)
[2026-03-10 00:50:01]     ⚠️  STALE (exceeded timeout)
[2026-03-10 00:50:01]   Task fix-api-500-errors: age 1905m (timeout 120m)
[2026-03-10 00:50:01]     ⚠️  STALE (exceeded timeout)
[2026-03-10 00:50:01]   Task fix-data-display-bugs: age 1905m (timeout 120m)
[2026-03-10 00:50:01]     ⚠️  STALE (exceeded timeout)
[2026-03-10 00:50:01]   Task fix-performance-critical: age 1905m (timeout 120m)
[2026-03-10 00:50:01]     ⚠️  STALE (exceeded timeout)
[2026-03-10 00:50:01]   Task fix-routing-404s: age 1905m (timeout 120m)
[2026-03-10 00:50:01]     ⚠️  STALE (exceeded timeout)
[2026-03-10 00:50:01]   Task add-values-explanations: age 1905m (timeout 120m)
[2026-03-10 00:50:01]     ⚠️  STALE (exceeded timeout)
[2026-03-10 00:50:01] Archiving 8 stale + 0 completed tasks...
[2026-03-10 01:00:00] Checking 8 active tasks...
[2026-03-10 01:00:00]   Task pattern-learning-system: age 2038m (timeout 120m)
[2026-03-10 01:00:00]     ⚠️  STALE (exceeded timeout)
[2026-03-10 01:00:00]   Task test-final: age 2004m (timeout 120m)
[2026-03-10 01:00:00]     ⚠️  STALE (exceeded timeout)
[2026-03-10 01:00:00]   Task fix-auth-system: age 1915m (timeout 120m)
[2026-03-10 01:00:00]     ⚠️  STALE (exceeded timeout)
[2026-03-10 01:00:00]   Task fix-api-500-errors: age 1915m (timeout 120m)
[2026-03-10 01:00:00]     ⚠️  STALE (exceeded timeout)
[2026-03-10 01:00:00]   Task fix-data-display-bugs: age 1915m (timeout 120m)
[2026-03-10 01:00:00]     ⚠️  STALE (exceeded timeout)
[2026-03-10 01:00:00]   Task fix-performance-critical: age 1915m (timeout 120m)
[2026-03-10 01:00:00]     ⚠️  STALE (exceeded timeout)
[2026-03-10 01:00:00]   Task fix-routing-404s: age 1915m (timeout 120m)
[2026-03-10 01:00:00]     ⚠️  STALE (exceeded timeout)
[2026-03-10 01:00:00]   Task add-values-explanations: age 1915m (timeout 120m)
[2026-03-10 01:00:00]     ⚠️  STALE (exceeded timeout)
[2026-03-10 01:00:00] Archiving 8 stale + 0 completed tasks...
[2026-03-10 01:10:00] Checking 8 active tasks...
[2026-03-10 01:10:00]   Task pattern-learning-system: age 2048m (timeout 120m)
[2026-03-10 01:10:00]     ⚠️  STALE (exceeded timeout)
[2026-03-10 01:10:00]   Task test-final: age 2014m (timeout 120m)
[2026-03-10 01:10:00]     ⚠️  STALE (exceeded timeout)
[2026-03-10 01:10:00]   Task fix-auth-system: age 1925m (timeout 120m)
[2026-03-10 01:10:00]     ⚠️  STALE (exceeded timeout)
[2026-03-10 01:10:00]   Task fix-api-500-errors: age 1925m (timeout 120m)
[2026-03-10 01:10:00]     ⚠️  STALE (exceeded timeout)
[2026-03-10 01:10:00]   Task fix-data-display-bugs: age 1925m (timeout 120m)
[2026-03-10 01:10:00]     ⚠️  STALE (exceeded timeout)
[2026-03-10 01:10:01]   Task fix-performance-critical: age 1925m (timeout 120m)
[2026-03-10 01:10:01]     ⚠️  STALE (exceeded timeout)
[2026-03-10 01:10:01]   Task fix-routing-404s: age 1925m (timeout 120m)
[2026-03-10 01:10:01]     ⚠️  STALE (exceeded timeout)
[2026-03-10 01:10:01]   Task add-values-explanations: age 1925m (timeout 120m)
[2026-03-10 01:10:01]     ⚠️  STALE (exceeded timeout)
[2026-03-10 01:10:01] Archiving 8 stale + 0 completed tasks...
[2026-03-10 01:20:00] Checking 8 active tasks...
[2026-03-10 01:20:00]   Task pattern-learning-system: age 2058m (timeout 120m)
[2026-03-10 01:20:00]     ⚠️  STALE (exceeded timeout)
[2026-03-10 01:20:00]   Task test-final: age 2024m (timeout 120m)
[2026-03-10 01:20:00]     ⚠️  STALE (exceeded timeout)
[2026-03-10 01:20:01]   Task fix-auth-system: age 1935m (timeout 120m)
[2026-03-10 01:20:01]     ⚠️  STALE (exceeded timeout)
[2026-03-10 01:20:01]   Task fix-api-500-errors: age 1935m (timeout 120m)
[2026-03-10 01:20:01]     ⚠️  STALE (exceeded timeout)
[2026-03-10 01:20:01]   Task fix-data-display-bugs: age 1935m (timeout 120m)
[2026-03-10 01:20:01]     ⚠️  STALE (exceeded timeout)
[2026-03-10 01:20:01]   Task fix-performance-critical: age 1935m (timeout 120m)
[2026-03-10 01:20:01]     ⚠️  STALE (exceeded timeout)
[2026-03-10 01:20:01]   Task fix-routing-404s: age 1935m (timeout 120m)
[2026-03-10 01:20:01]     ⚠️  STALE (exceeded timeout)
[2026-03-10 01:20:01]   Task add-values-explanations: age 1935m (timeout 120m)
[2026-03-10 01:20:01]     ⚠️  STALE (exceeded timeout)
[2026-03-10 01:20:01] Archiving 8 stale + 0 completed tasks...
[2026-03-10 01:30:00] Checking 8 active tasks...
[2026-03-10 01:30:00]   Task pattern-learning-system: age 2068m (timeout 120m)
[2026-03-10 01:30:00]     ⚠️  STALE (exceeded timeout)
[2026-03-10 01:30:00]   Task test-final: age 2034m (timeout 120m)
[2026-03-10 01:30:00]     ⚠️  STALE (exceeded timeout)
[2026-03-10 01:30:00]   Task fix-auth-system: age 1945m (timeout 120m)
[2026-03-10 01:30:00]     ⚠️  STALE (exceeded timeout)
[2026-03-10 01:30:00]   Task fix-api-500-errors: age 1945m (timeout 120m)
[2026-03-10 01:30:00]     ⚠️  STALE (exceeded timeout)
[2026-03-10 01:30:00]   Task fix-data-display-bugs: age 1945m (timeout 120m)
[2026-03-10 01:30:00]     ⚠️  STALE (exceeded timeout)
[2026-03-10 01:30:00]   Task fix-performance-critical: age 1945m (timeout 120m)
[2026-03-10 01:30:00]     ⚠️  STALE (exceeded timeout)
[2026-03-10 01:30:00]   Task fix-routing-404s: age 1945m (timeout 120m)
[2026-03-10 01:30:00]     ⚠️  STALE (exceeded timeout)
[2026-03-10 01:30:00]   Task add-values-explanations: age 1945m (timeout 120m)
[2026-03-10 01:30:00]     ⚠️  STALE (exceeded timeout)
[2026-03-10 01:30:01] Archiving 8 stale + 0 completed tasks...
[2026-03-10 01:40:00] Checking 8 active tasks...
[2026-03-10 01:40:00]   Task pattern-learning-system: age 2078m (timeout 120m)
[2026-03-10 01:40:00]     ⚠️  STALE (exceeded timeout)
[2026-03-10 01:40:00]   Task test-final: age 2044m (timeout 120m)
[2026-03-10 01:40:00]     ⚠️  STALE (exceeded timeout)
[2026-03-10 01:40:00]   Task fix-auth-system: age 1955m (timeout 120m)
[2026-03-10 01:40:00]     ⚠️  STALE (exceeded timeout)
[2026-03-10 01:40:01]   Task fix-api-500-errors: age 1955m (timeout 120m)
[2026-03-10 01:40:01]     ⚠️  STALE (exceeded timeout)
[2026-03-10 01:40:01]   Task fix-data-display-bugs: age 1955m (timeout 120m)
[2026-03-10 01:40:01]     ⚠️  STALE (exceeded timeout)
[2026-03-10 01:40:01]   Task fix-performance-critical: age 1955m (timeout 120m)
[2026-03-10 01:40:01]     ⚠️  STALE (exceeded timeout)
[2026-03-10 01:40:01]   Task fix-routing-404s: age 1955m (timeout 120m)
[2026-03-10 01:40:01]     ⚠️  STALE (exceeded timeout)
[2026-03-10 01:40:01]   Task add-values-explanations: age 1955m (timeout 120m)
[2026-03-10 01:40:01]     ⚠️  STALE (exceeded timeout)
[2026-03-10 01:40:01] Archiving 8 stale + 0 completed tasks...
[2026-03-10 01:50:00] Checking 8 active tasks...
[2026-03-10 01:50:00]   Task pattern-learning-system: age 2088m (timeout 120m)
[2026-03-10 01:50:00]     ⚠️  STALE (exceeded timeout)
[2026-03-10 01:50:00]   Task test-final: age 2054m (timeout 120m)
[2026-03-10 01:50:00]     ⚠️  STALE (exceeded timeout)
[2026-03-10 01:50:00]   Task fix-auth-system: age 1965m (timeout 120m)
[2026-03-10 01:50:00]     ⚠️  STALE (exceeded timeout)
[2026-03-10 01:50:00]   Task fix-api-500-errors: age 1965m (timeout 120m)
[2026-03-10 01:50:00]     ⚠️  STALE (exceeded timeout)
[2026-03-10 01:50:00]   Task fix-data-display-bugs: age 1965m (timeout 120m)
[2026-03-10 01:50:00]     ⚠️  STALE (exceeded timeout)
[2026-03-10 01:50:00]   Task fix-performance-critical: age 1965m (timeout 120m)
[2026-03-10 01:50:00]     ⚠️  STALE (exceeded timeout)
[2026-03-10 01:50:00]   Task fix-routing-404s: age 1965m (timeout 120m)
[2026-03-10 01:50:00]     ⚠️  STALE (exceeded timeout)
[2026-03-10 01:50:00]   Task add-values-explanations: age 1965m (timeout 120m)
[2026-03-10 01:50:00]     ⚠️  STALE (exceeded timeout)
[2026-03-10 01:50:00] Archiving 8 stale + 0 completed tasks...
[2026-03-10 02:00:00] Checking 8 active tasks...
[2026-03-10 02:00:00]   Task pattern-learning-system: age 2098m (timeout 120m)
[2026-03-10 02:00:00]     ⚠️  STALE (exceeded timeout)
[2026-03-10 02:00:00]   Task test-final: age 2064m (timeout 120m)
[2026-03-10 02:00:00]     ⚠️  STALE (exceeded timeout)
[2026-03-10 02:00:00]   Task fix-auth-system: age 1975m (timeout 120m)
[2026-03-10 02:00:00]     ⚠️  STALE (exceeded timeout)
[2026-03-10 02:00:00]   Task fix-api-500-errors: age 1975m (timeout 120m)
[2026-03-10 02:00:00]     ⚠️  STALE (exceeded timeout)
[2026-03-10 02:00:00]   Task fix-data-display-bugs: age 1975m (timeout 120m)
[2026-03-10 02:00:00]     ⚠️  STALE (exceeded timeout)
[2026-03-10 02:00:00]   Task fix-performance-critical: age 1975m (timeout 120m)
[2026-03-10 02:00:00]     ⚠️  STALE (exceeded timeout)
[2026-03-10 02:00:00]   Task fix-routing-404s: age 1975m (timeout 120m)
[2026-03-10 02:00:00]     ⚠️  STALE (exceeded timeout)
[2026-03-10 02:00:01]   Task add-values-explanations: age 1975m (timeout 120m)
[2026-03-10 02:00:01]     ⚠️  STALE (exceeded timeout)
[2026-03-10 02:00:01] Archiving 8 stale + 0 completed tasks...
[2026-03-10 02:10:00] Checking 8 active tasks...
[2026-03-10 02:10:00]   Task pattern-learning-system: age 2108m (timeout 120m)
[2026-03-10 02:10:00]     ⚠️  STALE (exceeded timeout)
[2026-03-10 02:10:00]   Task test-final: age 2074m (timeout 120m)
[2026-03-10 02:10:00]     ⚠️  STALE (exceeded timeout)
[2026-03-10 02:10:00]   Task fix-auth-system: age 1985m (timeout 120m)
[2026-03-10 02:10:00]     ⚠️  STALE (exceeded timeout)
[2026-03-10 02:10:00]   Task fix-api-500-errors: age 1985m (timeout 120m)
[2026-03-10 02:10:00]     ⚠️  STALE (exceeded timeout)
[2026-03-10 02:10:00]   Task fix-data-display-bugs: age 1985m (timeout 120m)
[2026-03-10 02:10:00]     ⚠️  STALE (exceeded timeout)
[2026-03-10 02:10:01]   Task fix-performance-critical: age 1985m (timeout 120m)
[2026-03-10 02:10:01]     ⚠️  STALE (exceeded timeout)
[2026-03-10 02:10:01]   Task fix-routing-404s: age 1985m (timeout 120m)
[2026-03-10 02:10:01]     ⚠️  STALE (exceeded timeout)
[2026-03-10 02:10:01]   Task add-values-explanations: age 1985m (timeout 120m)
[2026-03-10 02:10:01]     ⚠️  STALE (exceeded timeout)
[2026-03-10 02:10:01] Archiving 8 stale + 0 completed tasks...
[2026-03-10 02:20:00] Checking 8 active tasks...
[2026-03-10 02:20:00]   Task pattern-learning-system: age 2118m (timeout 120m)
[2026-03-10 02:20:00]     ⚠️  STALE (exceeded timeout)
[2026-03-10 02:20:00]   Task test-final: age 2084m (timeout 120m)
[2026-03-10 02:20:00]     ⚠️  STALE (exceeded timeout)
[2026-03-10 02:20:00]   Task fix-auth-system: age 1995m (timeout 120m)
[2026-03-10 02:20:00]     ⚠️  STALE (exceeded timeout)
[2026-03-10 02:20:00]   Task fix-api-500-errors: age 1995m (timeout 120m)
[2026-03-10 02:20:00]     ⚠️  STALE (exceeded timeout)
[2026-03-10 02:20:00]   Task fix-data-display-bugs: age 1995m (timeout 120m)
[2026-03-10 02:20:00]     ⚠️  STALE (exceeded timeout)
[2026-03-10 02:20:00]   Task fix-performance-critical: age 1995m (timeout 120m)
[2026-03-10 02:20:00]     ⚠️  STALE (exceeded timeout)
[2026-03-10 02:20:01]   Task fix-routing-404s: age 1995m (timeout 120m)
[2026-03-10 02:20:01]     ⚠️  STALE (exceeded timeout)
[2026-03-10 02:20:01]   Task add-values-explanations: age 1995m (timeout 120m)
[2026-03-10 02:20:01]     ⚠️  STALE (exceeded timeout)
[2026-03-10 02:20:01] Archiving 8 stale + 0 completed tasks...
[2026-03-10 02:30:01] Checking 8 active tasks...
[2026-03-10 02:30:01]   Task pattern-learning-system: age 2128m (timeout 120m)
[2026-03-10 02:30:01]     ⚠️  STALE (exceeded timeout)
[2026-03-10 02:30:01]   Task test-final: age 2094m (timeout 120m)
[2026-03-10 02:30:01]     ⚠️  STALE (exceeded timeout)
[2026-03-10 02:30:01]   Task fix-auth-system: age 2005m (timeout 120m)
[2026-03-10 02:30:01]     ⚠️  STALE (exceeded timeout)
[2026-03-10 02:30:01]   Task fix-api-500-errors: age 2005m (timeout 120m)
[2026-03-10 02:30:01]     ⚠️  STALE (exceeded timeout)
[2026-03-10 02:30:01]   Task fix-data-display-bugs: age 2005m (timeout 120m)
[2026-03-10 02:30:01]     ⚠️  STALE (exceeded timeout)
