[2026-03-09 00:00:00] Checking 8 active tasks...
[2026-03-09 00:00:00]   Task pattern-learning-system: age 538m (timeout 120m)
[2026-03-09 00:00:00]     ⚠️  STALE (exceeded timeout)
[2026-03-09 00:00:00]   Task test-final: age 504m (timeout 120m)
[2026-03-09 00:00:00]     ⚠️  STALE (exceeded timeout)
[2026-03-09 00:00:00]   Task fix-auth-system: age 415m (timeout 120m)
[2026-03-09 00:00:00]     ⚠️  STALE (exceeded timeout)
[2026-03-09 00:00:00]   Task fix-api-500-errors: age 415m (timeout 120m)
[2026-03-09 00:00:00]     ⚠️  STALE (exceeded timeout)
[2026-03-09 00:00:01]   Task fix-data-display-bugs: age 415m (timeout 120m)
[2026-03-09 00:00:01]     ⚠️  STALE (exceeded timeout)
[2026-03-09 00:00:01]   Task fix-performance-critical: age 415m (timeout 120m)
[2026-03-09 00:00:01]     ⚠️  STALE (exceeded timeout)
[2026-03-09 00:00:01]   Task fix-routing-404s: age 415m (timeout 120m)
[2026-03-09 00:00:01]     ⚠️  STALE (exceeded timeout)
[2026-03-09 00:00:01]   Task add-values-explanations: age 415m (timeout 120m)
[2026-03-09 00:00:01]     ⚠️  STALE (exceeded timeout)
[2026-03-09 00:00:01] Archiving 8 stale + 0 completed tasks...
[2026-03-09 00:10:00] Checking 8 active tasks...
[2026-03-09 00:10:00]   Task pattern-learning-system: age 548m (timeout 120m)
[2026-03-09 00:10:00]     ⚠️  STALE (exceeded timeout)
[2026-03-09 00:10:00]   Task test-final: age 514m (timeout 120m)
[2026-03-09 00:10:00]     ⚠️  STALE (exceeded timeout)
[2026-03-09 00:10:00]   Task fix-auth-system: age 425m (timeout 120m)
[2026-03-09 00:10:00]     ⚠️  STALE (exceeded timeout)
[2026-03-09 00:10:00]   Task fix-api-500-errors: age 425m (timeout 120m)
[2026-03-09 00:10:00]     ⚠️  STALE (exceeded timeout)
[2026-03-09 00:10:00]   Task fix-data-display-bugs: age 425m (timeout 120m)
[2026-03-09 00:10:00]     ⚠️  STALE (exceeded timeout)
[2026-03-09 00:10:00]   Task fix-performance-critical: age 425m (timeout 120m)
[2026-03-09 00:10:00]     ⚠️  STALE (exceeded timeout)
[2026-03-09 00:10:00]   Task fix-routing-404s: age 425m (timeout 120m)
[2026-03-09 00:10:00]     ⚠️  STALE (exceeded timeout)
[2026-03-09 00:10:00]   Task add-values-explanations: age 425m (timeout 120m)
[2026-03-09 00:10:00]     ⚠️  STALE (exceeded timeout)
[2026-03-09 00:10:00] Archiving 8 stale + 0 completed tasks...
[2026-03-09 00:20:00] Checking 8 active tasks...
[2026-03-09 00:20:00]   Task pattern-learning-system: age 558m (timeout 120m)
[2026-03-09 00:20:00]     ⚠️  STALE (exceeded timeout)
[2026-03-09 00:20:00]   Task test-final: age 524m (timeout 120m)
[2026-03-09 00:20:00]     ⚠️  STALE (exceeded timeout)
[2026-03-09 00:20:00]   Task fix-auth-system: age 435m (timeout 120m)
[2026-03-09 00:20:00]     ⚠️  STALE (exceeded timeout)
[2026-03-09 00:20:00]   Task fix-api-500-errors: age 435m (timeout 120m)
[2026-03-09 00:20:00]     ⚠️  STALE (exceeded timeout)
[2026-03-09 00:20:00]   Task fix-data-display-bugs: age 435m (timeout 120m)
[2026-03-09 00:20:00]     ⚠️  STALE (exceeded timeout)
[2026-03-09 00:20:00]   Task fix-performance-critical: age 435m (timeout 120m)
[2026-03-09 00:20:00]     ⚠️  STALE (exceeded timeout)
[2026-03-09 00:20:00]   Task fix-routing-404s: age 435m (timeout 120m)
