[2026-03-01 17:00:00] === Agent Monitoring Check ===
[2026-03-01 17:00:00] Checking task: titlerun-phase2-backend (running)
[2026-03-01 17:00:00]   ✗ Session ember-dune is dead
[2026-03-01 17:00:00]   ⚠️ Session dead but no PR found
[2026-03-01 17:10:00] === Agent Monitoring Check ===
[2026-03-01 17:10:00] Checking task: titlerun-phase2-backend (failed)
[2026-03-01 17:10:00]   Skipping (status: failed)
[2026-03-01 17:10:00] === Monitoring check complete ===
[2026-03-01 17:20:00] === Agent Monitoring Check ===
[2026-03-01 17:20:00] Checking task: titlerun-phase2-backend (failed)
[2026-03-01 17:20:00]   Skipping (status: failed)
[2026-03-01 17:20:00] === Monitoring check complete ===
[2026-03-01 17:30:00] === Agent Monitoring Check ===
[2026-03-01 17:30:00] Checking task: titlerun-phase2-backend (failed)
[2026-03-01 17:30:00]   Skipping (status: failed)
[2026-03-01 17:30:00] === Monitoring check complete ===
[2026-03-01 17:40:01] === Agent Monitoring Check ===
[2026-03-01 17:40:01] Checking task: titlerun-phase2-backend (failed)
[2026-03-01 17:40:01]   Skipping (status: failed)
[2026-03-01 17:40:01] === Monitoring check complete ===
[2026-03-01 17:50:00] === Agent Monitoring Check ===
[2026-03-01 17:50:00] Checking task: titlerun-phase2-backend (failed)
[2026-03-01 17:50:00]   Skipping (status: failed)
[2026-03-01 17:50:00] === Monitoring check complete ===
[2026-03-01 18:00:00] === Agent Monitoring Check ===
[2026-03-01 18:00:01] Checking task: titlerun-phase2-backend (failed)
[2026-03-01 18:00:01]   Skipping (status: failed)
[2026-03-01 18:00:01] === Monitoring check complete ===
[2026-03-01 18:10:00] === Agent Monitoring Check ===
[2026-03-01 18:10:00] Checking task: titlerun-phase2-backend (failed)
[2026-03-01 18:10:00]   Skipping (status: failed)
[2026-03-01 18:10:00] === Monitoring check complete ===
