[2026-03-08 10:35:58] No active tasks in registry
[2026-03-08 10:40:00] No active tasks in registry
[2026-03-08 10:50:00] Checking 1 active tasks...
[2026-03-08 10:50:00]   Task worktree-isolation-system: age -237m (timeout 180m)
[2026-03-08 10:50:00] Monitor complete
[2026-03-08 11:00:00] Checking 1 active tasks...
[2026-03-08 11:00:00]   Task worktree-isolation-system: age -227m (timeout 180m)
[2026-03-08 11:00:00] Monitor complete
[2026-03-08 11:10:01] Checking 1 active tasks...
[2026-03-08 11:10:01]   Task pattern-learning-system: age -231m (timeout 120m)
[2026-03-08 11:10:01] Monitor complete
[2026-03-08 11:20:00] Checking 1 active tasks...
[2026-03-08 11:20:00]   Task pattern-learning-system: age -221m (timeout 120m)
[2026-03-08 11:20:00] Monitor complete
[2026-03-08 11:30:00] Checking 1 active tasks...
[2026-03-08 11:30:00]   Task pattern-learning-system: age -211m (timeout 120m)
[2026-03-08 11:30:00] Monitor complete
[2026-03-08 11:40:01] Checking 2 active tasks...
[2026-03-08 11:40:01]   Task pattern-learning-system: age -201m (timeout 120m)
[2026-03-08 11:40:01]   Task test-final: age -235m (timeout 120m)
[2026-03-08 11:40:01] Monitor complete
[2026-03-08 11:50:00] Checking 2 active tasks...
[2026-03-08 11:50:00]   Task pattern-learning-system: age -191m (timeout 120m)
[2026-03-08 11:50:00]   Task test-final: age -225m (timeout 120m)
[2026-03-08 11:50:00] Monitor complete
[2026-03-08 12:00:00] Checking 2 active tasks...
[2026-03-08 12:00:00]   Task pattern-learning-system: age -181m (timeout 120m)
[2026-03-08 12:00:00]   Task test-final: age -215m (timeout 120m)
[2026-03-08 12:00:00] Monitor complete
[2026-03-08 12:10:00] Checking 2 active tasks...
[2026-03-08 12:10:00]   Task pattern-learning-system: age -171m (timeout 120m)
[2026-03-08 12:10:00]   Task test-final: age -205m (timeout 120m)
[2026-03-08 12:10:00] Monitor complete
[2026-03-08 12:20:00] Checking 2 active tasks...
[2026-03-08 12:20:00]   Task pattern-learning-system: age -161m (timeout 120m)
[2026-03-08 12:20:00]   Task test-final: age -195m (timeout 120m)
[2026-03-08 12:20:00] Monitor complete
[2026-03-08 12:30:00] Checking 2 active tasks...
[2026-03-08 12:30:01]   Task pattern-learning-system: age -151m (timeout 120m)
[2026-03-08 12:30:01]   Task test-final: age -185m (timeout 120m)
[2026-03-08 12:30:01] Monitor complete
[2026-03-08 12:40:01] Checking 2 active tasks...
[2026-03-08 12:40:01]   Task pattern-learning-system: age -141m (timeout 120m)
[2026-03-08 12:40:01]   Task test-final: age -175m (timeout 120m)
[2026-03-08 12:40:01] Monitor complete
[2026-03-08 12:50:00] Checking 2 active tasks...
[2026-03-08 12:50:00]   Task pattern-learning-system: age -131m (timeout 120m)
[2026-03-08 12:50:00]   Task test-final: age -165m (timeout 120m)
[2026-03-08 12:50:00] Monitor complete
[2026-03-08 13:00:00] Checking 2 active tasks...
[2026-03-08 13:00:00]   Task pattern-learning-system: age -121m (timeout 120m)
[2026-03-08 13:00:00]   Task test-final: age -155m (timeout 120m)
[2026-03-08 13:00:00] Monitor complete
[2026-03-08 13:10:00] Checking 8 active tasks...
[2026-03-08 13:10:00]   Task pattern-learning-system: age -111m (timeout 120m)
[2026-03-08 13:10:00]   Task test-final: age -145m (timeout 120m)
[2026-03-08 13:10:01]   Task fix-auth-system: age -234m (timeout 120m)
[2026-03-08 13:10:01]   Task fix-api-500-errors: age -234m (timeout 120m)
[2026-03-08 13:10:01]   Task fix-data-display-bugs: age -234m (timeout 120m)
[2026-03-08 13:10:01]   Task fix-performance-critical: age -234m (timeout 120m)
[2026-03-08 13:10:01]   Task fix-routing-404s: age -234m (timeout 120m)
[2026-03-08 13:10:01]   Task add-values-explanations: age -234m (timeout 120m)
[2026-03-08 13:10:01] Monitor complete
[2026-03-08 13:20:00] Checking 8 active tasks...
[2026-03-08 13:20:00]   Task pattern-learning-system: age -101m (timeout 120m)
[2026-03-08 13:20:00]   Task test-final: age -135m (timeout 120m)
[2026-03-08 13:20:00]   Task fix-auth-system: age -224m (timeout 120m)
[2026-03-08 13:20:00]   Task fix-api-500-errors: age -224m (timeout 120m)
[2026-03-08 13:20:00]   Task fix-data-display-bugs: age -224m (timeout 120m)
[2026-03-08 13:20:00]   Task fix-performance-critical: age -224m (timeout 120m)
[2026-03-08 13:20:00]   Task fix-routing-404s: age -224m (timeout 120m)
[2026-03-08 13:20:00]   Task add-values-explanations: age -224m (timeout 120m)
[2026-03-08 13:20:00] Monitor complete
[2026-03-08 13:30:00] Checking 8 active tasks...
[2026-03-08 13:30:00]   Task pattern-learning-system: age -91m (timeout 120m)
[2026-03-08 13:30:00]   Task test-final: age -125m (timeout 120m)
[2026-03-08 13:30:00]   Task fix-auth-system: age -214m (timeout 120m)
[2026-03-08 13:30:00]   Task fix-api-500-errors: age -214m (timeout 120m)
[2026-03-08 13:30:00]   Task fix-data-display-bugs: age -214m (timeout 120m)
[2026-03-08 13:30:00]   Task fix-performance-critical: age -214m (timeout 120m)
[2026-03-08 13:30:00]   Task fix-routing-404s: age -214m (timeout 120m)
[2026-03-08 13:30:00]   Task add-values-explanations: age -214m (timeout 120m)
[2026-03-08 13:30:00] Monitor complete
[2026-03-08 13:40:00] Checking 8 active tasks...
[2026-03-08 13:40:00]   Task pattern-learning-system: age -81m (timeout 120m)
[2026-03-08 13:40:00]   Task test-final: age -115m (timeout 120m)
[2026-03-08 13:40:00]   Task fix-auth-system: age -204m (timeout 120m)
[2026-03-08 13:40:00]   Task fix-api-500-errors: age -204m (timeout 120m)
[2026-03-08 13:40:00]   Task fix-data-display-bugs: age -204m (timeout 120m)
[2026-03-08 13:40:01]   Task fix-performance-critical: age -204m (timeout 120m)
[2026-03-08 13:40:01]   Task fix-routing-404s: age -204m (timeout 120m)
[2026-03-08 13:40:01]   Task add-values-explanations: age -204m (timeout 120m)
[2026-03-08 13:40:01] Monitor complete
[2026-03-08 13:50:00] Checking 8 active tasks...
[2026-03-08 13:50:00]   Task pattern-learning-system: age -71m (timeout 120m)
[2026-03-08 13:50:00]   Task test-final: age -105m (timeout 120m)
[2026-03-08 13:50:00]   Task fix-auth-system: age -194m (timeout 120m)
[2026-03-08 13:50:00]   Task fix-api-500-errors: age -194m (timeout 120m)
[2026-03-08 13:50:00]   Task fix-data-display-bugs: age -194m (timeout 120m)
[2026-03-08 13:50:00]   Task fix-performance-critical: age -194m (timeout 120m)
[2026-03-08 13:50:00]   Task fix-routing-404s: age -194m (timeout 120m)
[2026-03-08 13:50:00]   Task add-values-explanations: age -194m (timeout 120m)
[2026-03-08 13:50:00] Monitor complete
[2026-03-08 14:00:00] Checking 8 active tasks...
[2026-03-08 14:00:01]   Task pattern-learning-system: age -61m (timeout 120m)
[2026-03-08 14:00:01]   Task test-final: age -95m (timeout 120m)
[2026-03-08 14:00:01]   Task fix-auth-system: age -184m (timeout 120m)
[2026-03-08 14:00:01]   Task fix-api-500-errors: age -184m (timeout 120m)
[2026-03-08 14:00:01]   Task fix-data-display-bugs: age -184m (timeout 120m)
[2026-03-08 14:00:01]   Task fix-performance-critical: age -184m (timeout 120m)
[2026-03-08 14:00:01]   Task fix-routing-404s: age -184m (timeout 120m)
[2026-03-08 14:00:01]   Task add-values-explanations: age -184m (timeout 120m)
[2026-03-08 14:00:01] Monitor complete
[2026-03-08 14:10:00] Checking 8 active tasks...
[2026-03-08 14:10:00]   Task pattern-learning-system: age -51m (timeout 120m)
[2026-03-08 14:10:00]   Task test-final: age -85m (timeout 120m)
[2026-03-08 14:10:00]   Task fix-auth-system: age -174m (timeout 120m)
[2026-03-08 14:10:00]   Task fix-api-500-errors: age -174m (timeout 120m)
[2026-03-08 14:10:00]   Task fix-data-display-bugs: age -174m (timeout 120m)
[2026-03-08 14:10:00]   Task fix-performance-critical: age -174m (timeout 120m)
[2026-03-08 14:10:00]   Task fix-routing-404s: age -174m (timeout 120m)
[2026-03-08 14:10:00]   Task add-values-explanations: age -174m (timeout 120m)
[2026-03-08 14:10:00] Monitor complete
[2026-03-08 14:20:00] Checking 8 active tasks...
[2026-03-08 14:20:00]   Task pattern-learning-system: age -41m (timeout 120m)
[2026-03-08 14:20:00]   Task test-final: age -75m (timeout 120m)
[2026-03-08 14:20:00]   Task fix-auth-system: age -164m (timeout 120m)
[2026-03-08 14:20:00]   Task fix-api-500-errors: age -164m (timeout 120m)
[2026-03-08 14:20:01]   Task fix-data-display-bugs: age -164m (timeout 120m)
[2026-03-08 14:20:01]   Task fix-performance-critical: age -164m (timeout 120m)
[2026-03-08 14:20:01]   Task fix-routing-404s: age -164m (timeout 120m)
[2026-03-08 14:20:01]   Task add-values-explanations: age -164m (timeout 120m)
[2026-03-08 14:20:01] Monitor complete
[2026-03-08 14:30:00] Checking 8 active tasks...
[2026-03-08 14:30:00]   Task pattern-learning-system: age -31m (timeout 120m)
[2026-03-08 14:30:00]   Task test-final: age -65m (timeout 120m)
[2026-03-08 14:30:00]   Task fix-auth-system: age -154m (timeout 120m)
[2026-03-08 14:30:00]   Task fix-api-500-errors: age -154m (timeout 120m)
[2026-03-08 14:30:01]   Task fix-data-display-bugs: age -154m (timeout 120m)
[2026-03-08 14:30:01]   Task fix-performance-critical: age -154m (timeout 120m)
[2026-03-08 14:30:01]   Task fix-routing-404s: age -154m (timeout 120m)
[2026-03-08 14:30:01]   Task add-values-explanations: age -154m (timeout 120m)
[2026-03-08 14:30:01] Monitor complete
[2026-03-08 14:40:00] Checking 8 active tasks...
[2026-03-08 14:40:00]   Task pattern-learning-system: age -21m (timeout 120m)
[2026-03-08 14:40:00]   Task test-final: age -55m (timeout 120m)
[2026-03-08 14:40:00]   Task fix-auth-system: age -144m (timeout 120m)
[2026-03-08 14:40:00]   Task fix-api-500-errors: age -144m (timeout 120m)
[2026-03-08 14:40:00]   Task fix-data-display-bugs: age -144m (timeout 120m)
[2026-03-08 14:40:00]   Task fix-performance-critical: age -144m (timeout 120m)
[2026-03-08 14:40:00]   Task fix-routing-404s: age -144m (timeout 120m)
[2026-03-08 14:40:00]   Task add-values-explanations: age -144m (timeout 120m)
[2026-03-08 14:40:00] Monitor complete
[2026-03-08 14:50:00] Checking 8 active tasks...
[2026-03-08 14:50:00]   Task pattern-learning-system: age -11m (timeout 120m)
[2026-03-08 14:50:00]   Task test-final: age -45m (timeout 120m)
[2026-03-08 14:50:01]   Task fix-auth-system: age -134m (timeout 120m)
[2026-03-08 14:50:01]   Task fix-api-500-errors: age -134m (timeout 120m)
[2026-03-08 14:50:01]   Task fix-data-display-bugs: age -134m (timeout 120m)
[2026-03-08 14:50:01]   Task fix-performance-critical: age -134m (timeout 120m)
[2026-03-08 14:50:01]   Task fix-routing-404s: age -134m (timeout 120m)
[2026-03-08 14:50:01]   Task add-values-explanations: age -134m (timeout 120m)
[2026-03-08 14:50:01] Monitor complete
[2026-03-08 15:00:00] Checking 8 active tasks...
[2026-03-08 15:00:00]   Task pattern-learning-system: age -1m (timeout 120m)
[2026-03-08 15:00:00]   Task test-final: age -35m (timeout 120m)
[2026-03-08 15:00:00]   Task fix-auth-system: age -124m (timeout 120m)
[2026-03-08 15:00:00]   Task fix-api-500-errors: age -124m (timeout 120m)
[2026-03-08 15:00:00]   Task fix-data-display-bugs: age -124m (timeout 120m)
[2026-03-08 15:00:00]   Task fix-performance-critical: age -124m (timeout 120m)
[2026-03-08 15:00:00]   Task fix-routing-404s: age -124m (timeout 120m)
[2026-03-08 15:00:00]   Task add-values-explanations: age -124m (timeout 120m)
[2026-03-08 15:00:00] Monitor complete
[2026-03-08 15:10:00] Checking 8 active tasks...
[2026-03-08 15:10:00]   Task pattern-learning-system: age 8m (timeout 120m)
[2026-03-08 15:10:00]   Task test-final: age -25m (timeout 120m)
[2026-03-08 15:10:00]   Task fix-auth-system: age -114m (timeout 120m)
[2026-03-08 15:10:00]   Task fix-api-500-errors: age -114m (timeout 120m)
[2026-03-08 15:10:00]   Task fix-data-display-bugs: age -114m (timeout 120m)
[2026-03-08 15:10:00]   Task fix-performance-critical: age -114m (timeout 120m)
[2026-03-08 15:10:00]   Task fix-routing-404s: age -114m (timeout 120m)
[2026-03-08 15:10:00]   Task add-values-explanations: age -114m (timeout 120m)
[2026-03-08 15:10:00] Monitor complete
[2026-03-08 15:20:00] Checking 8 active tasks...
[2026-03-08 15:20:00]   Task pattern-learning-system: age 18m (timeout 120m)
[2026-03-08 15:20:00]   Task test-final: age -15m (timeout 120m)
[2026-03-08 15:20:00]   Task fix-auth-system: age -104m (timeout 120m)
[2026-03-08 15:20:00]   Task fix-api-500-errors: age -104m (timeout 120m)
[2026-03-08 15:20:00]   Task fix-data-display-bugs: age -104m (timeout 120m)
[2026-03-08 15:20:00]   Task fix-performance-critical: age -104m (timeout 120m)
[2026-03-08 15:20:00]   Task fix-routing-404s: age -104m (timeout 120m)
[2026-03-08 15:20:00]   Task add-values-explanations: age -104m (timeout 120m)
[2026-03-08 15:20:00] Monitor complete
[2026-03-08 15:30:00] Checking 8 active tasks...
[2026-03-08 15:30:00]   Task pattern-learning-system: age 28m (timeout 120m)
[2026-03-08 15:30:00]   Task test-final: age -5m (timeout 120m)
[2026-03-08 15:30:00]   Task fix-auth-system: age -94m (timeout 120m)
[2026-03-08 15:30:00]   Task fix-api-500-errors: age -94m (timeout 120m)
[2026-03-08 15:30:00]   Task fix-data-display-bugs: age -94m (timeout 120m)
[2026-03-08 15:30:00]   Task fix-performance-critical: age -94m (timeout 120m)
[2026-03-08 15:30:00]   Task fix-routing-404s: age -94m (timeout 120m)
[2026-03-08 15:30:01]   Task add-values-explanations: age -94m (timeout 120m)
[2026-03-08 15:30:01] Monitor complete
[2026-03-08 15:40:00] Checking 8 active tasks...
[2026-03-08 15:40:00]   Task pattern-learning-system: age 38m (timeout 120m)
[2026-03-08 15:40:01]   Task test-final: age 4m (timeout 120m)
[2026-03-08 15:40:01]   Task fix-auth-system: age -84m (timeout 120m)
[2026-03-08 15:40:01]   Task fix-api-500-errors: age -84m (timeout 120m)
[2026-03-08 15:40:01]   Task fix-data-display-bugs: age -84m (timeout 120m)
[2026-03-08 15:40:01]   Task fix-performance-critical: age -84m (timeout 120m)
[2026-03-08 15:40:01]   Task fix-routing-404s: age -84m (timeout 120m)
[2026-03-08 15:40:01]   Task add-values-explanations: age -84m (timeout 120m)
[2026-03-08 15:40:01] Monitor complete
[2026-03-08 15:50:01] Checking 8 active tasks...
[2026-03-08 15:50:01]   Task pattern-learning-system: age 48m (timeout 120m)
[2026-03-08 15:50:01]   Task test-final: age 14m (timeout 120m)
[2026-03-08 15:50:01]   Task fix-auth-system: age -74m (timeout 120m)
[2026-03-08 15:50:01]   Task fix-api-500-errors: age -74m (timeout 120m)
[2026-03-08 15:50:01]   Task fix-data-display-bugs: age -74m (timeout 120m)
[2026-03-08 15:50:01]   Task fix-performance-critical: age -74m (timeout 120m)
[2026-03-08 15:50:01]   Task fix-routing-404s: age -74m (timeout 120m)
[2026-03-08 15:50:01]   Task add-values-explanations: age -74m (timeout 120m)
[2026-03-08 15:50:01] Monitor complete
[2026-03-08 16:00:00] Checking 8 active tasks...
[2026-03-08 16:00:00]   Task pattern-learning-system: age 58m (timeout 120m)
[2026-03-08 16:00:00]   Task test-final: age 24m (timeout 120m)
[2026-03-08 16:00:00]   Task fix-auth-system: age -64m (timeout 120m)
[2026-03-08 16:00:00]   Task fix-api-500-errors: age -64m (timeout 120m)
[2026-03-08 16:00:00]   Task fix-data-display-bugs: age -64m (timeout 120m)
[2026-03-08 16:00:00]   Task fix-performance-critical: age -64m (timeout 120m)
[2026-03-08 16:00:00]   Task fix-routing-404s: age -64m (timeout 120m)
[2026-03-08 16:00:00]   Task add-values-explanations: age -64m (timeout 120m)
[2026-03-08 16:00:00] Monitor complete
[2026-03-08 16:10:00] Checking 8 active tasks...
[2026-03-08 16:10:00]   Task pattern-learning-system: age 68m (timeout 120m)
[2026-03-08 16:10:00]   Task test-final: age 34m (timeout 120m)
[2026-03-08 16:10:00]   Task fix-auth-system: age -54m (timeout 120m)
[2026-03-08 16:10:00]   Task fix-api-500-errors: age -54m (timeout 120m)
[2026-03-08 16:10:00]   Task fix-data-display-bugs: age -54m (timeout 120m)
[2026-03-08 16:10:00]   Task fix-performance-critical: age -54m (timeout 120m)
[2026-03-08 16:10:00]   Task fix-routing-404s: age -54m (timeout 120m)
[2026-03-08 16:10:00]   Task add-values-explanations: age -54m (timeout 120m)
[2026-03-08 16:10:00] Monitor complete
[2026-03-08 16:20:00] Checking 8 active tasks...
[2026-03-08 16:20:00]   Task pattern-learning-system: age 78m (timeout 120m)
[2026-03-08 16:20:00]   Task test-final: age 44m (timeout 120m)
[2026-03-08 16:20:00]   Task fix-auth-system: age -44m (timeout 120m)
[2026-03-08 16:20:00]   Task fix-api-500-errors: age -44m (timeout 120m)
[2026-03-08 16:20:00]   Task fix-data-display-bugs: age -44m (timeout 120m)
[2026-03-08 16:20:00]   Task fix-performance-critical: age -44m (timeout 120m)
[2026-03-08 16:20:00]   Task fix-routing-404s: age -44m (timeout 120m)
[2026-03-08 16:20:01]   Task add-values-explanations: age -44m (timeout 120m)
[2026-03-08 16:20:01] Monitor complete
[2026-03-08 16:30:00] Checking 8 active tasks...
[2026-03-08 16:30:00]   Task pattern-learning-system: age 88m (timeout 120m)
[2026-03-08 16:30:00]   Task test-final: age 54m (timeout 120m)
[2026-03-08 16:30:00]   Task fix-auth-system: age -34m (timeout 120m)
[2026-03-08 16:30:00]   Task fix-api-500-errors: age -34m (timeout 120m)
[2026-03-08 16:30:00]   Task fix-data-display-bugs: age -34m (timeout 120m)
[2026-03-08 16:30:01]   Task fix-performance-critical: age -34m (timeout 120m)
[2026-03-08 16:30:01]   Task fix-routing-404s: age -34m (timeout 120m)
[2026-03-08 16:30:01]   Task add-values-explanations: age -34m (timeout 120m)
[2026-03-08 16:30:01] Monitor complete
[2026-03-08 16:40:00] Checking 8 active tasks...
[2026-03-08 16:40:00]   Task pattern-learning-system: age 98m (timeout 120m)
[2026-03-08 16:40:00]   Task test-final: age 64m (timeout 120m)
[2026-03-08 16:40:00]   Task fix-auth-system: age -24m (timeout 120m)
[2026-03-08 16:40:00]   Task fix-api-500-errors: age -24m (timeout 120m)
[2026-03-08 16:40:00]   Task fix-data-display-bugs: age -24m (timeout 120m)
[2026-03-08 16:40:01]   Task fix-performance-critical: age -24m (timeout 120m)
[2026-03-08 16:40:01]   Task fix-routing-404s: age -24m (timeout 120m)
[2026-03-08 16:40:01]   Task add-values-explanations: age -24m (timeout 120m)
[2026-03-08 16:40:01] Monitor complete
[2026-03-08 16:50:00] Checking 8 active tasks...
[2026-03-08 16:50:00]   Task pattern-learning-system: age 108m (timeout 120m)
[2026-03-08 16:50:00]   Task test-final: age 74m (timeout 120m)
[2026-03-08 16:50:00]   Task fix-auth-system: age -14m (timeout 120m)
[2026-03-08 16:50:01]   Task fix-api-500-errors: age -14m (timeout 120m)
[2026-03-08 16:50:01]   Task fix-data-display-bugs: age -14m (timeout 120m)
[2026-03-08 16:50:01]   Task fix-performance-critical: age -14m (timeout 120m)
[2026-03-08 16:50:01]   Task fix-routing-404s: age -14m (timeout 120m)
[2026-03-08 16:50:01]   Task add-values-explanations: age -14m (timeout 120m)
[2026-03-08 16:50:01] Monitor complete
[2026-03-08 17:00:00] Checking 8 active tasks...
[2026-03-08 17:00:00]   Task pattern-learning-system: age 118m (timeout 120m)
[2026-03-08 17:00:01]   Task test-final: age 84m (timeout 120m)
[2026-03-08 17:00:01]   Task fix-auth-system: age -4m (timeout 120m)
[2026-03-08 17:00:01]   Task fix-api-500-errors: age -4m (timeout 120m)
[2026-03-08 17:00:01]   Task fix-data-display-bugs: age -4m (timeout 120m)
[2026-03-08 17:00:01]   Task fix-performance-critical: age -4m (timeout 120m)
[2026-03-08 17:00:01]   Task fix-routing-404s: age -4m (timeout 120m)
[2026-03-08 17:00:01]   Task add-values-explanations: age -4m (timeout 120m)
[2026-03-08 17:00:01] Monitor complete
[2026-03-08 17:10:01] Checking 8 active tasks...
[2026-03-08 17:10:01]   Task pattern-learning-system: age 128m (timeout 120m)
[2026-03-08 17:10:01]     ⚠️  STALE (exceeded timeout)
[2026-03-08 17:10:01]   Task test-final: age 94m (timeout 120m)
[2026-03-08 17:10:01]   Task fix-auth-system: age 5m (timeout 120m)
[2026-03-08 17:10:01]   Task fix-api-500-errors: age 5m (timeout 120m)
[2026-03-08 17:10:01]   Task fix-data-display-bugs: age 5m (timeout 120m)
[2026-03-08 17:10:01]   Task fix-performance-critical: age 5m (timeout 120m)
[2026-03-08 17:10:01]   Task fix-routing-404s: age 5m (timeout 120m)
[2026-03-08 17:10:01]   Task add-values-explanations: age 5m (timeout 120m)
[2026-03-08 17:10:01] Archiving 1 stale + 0 completed tasks...
[2026-03-08 17:20:00] Checking 8 active tasks...
[2026-03-08 17:20:00]   Task pattern-learning-system: age 138m (timeout 120m)
[2026-03-08 17:20:00]     ⚠️  STALE (exceeded timeout)
[2026-03-08 17:20:00]   Task test-final: age 104m (timeout 120m)
[2026-03-08 17:20:00]   Task fix-auth-system: age 15m (timeout 120m)
[2026-03-08 17:20:00]   Task fix-api-500-errors: age 15m (timeout 120m)
[2026-03-08 17:20:00]   Task fix-data-display-bugs: age 15m (timeout 120m)
[2026-03-08 17:20:00]   Task fix-performance-critical: age 15m (timeout 120m)
[2026-03-08 17:20:00]   Task fix-routing-404s: age 15m (timeout 120m)
[2026-03-08 17:20:00]   Task add-values-explanations: age 15m (timeout 120m)
[2026-03-08 17:20:00] Archiving 1 stale + 0 completed tasks...
[2026-03-08 17:30:00] Checking 8 active tasks...
[2026-03-08 17:30:00]   Task pattern-learning-system: age 148m (timeout 120m)
[2026-03-08 17:30:00]     ⚠️  STALE (exceeded timeout)
[2026-03-08 17:30:00]   Task test-final: age 114m (timeout 120m)
[2026-03-08 17:30:00]   Task fix-auth-system: age 25m (timeout 120m)
[2026-03-08 17:30:00]   Task fix-api-500-errors: age 25m (timeout 120m)
[2026-03-08 17:30:00]   Task fix-data-display-bugs: age 25m (timeout 120m)
[2026-03-08 17:30:00]   Task fix-performance-critical: age 25m (timeout 120m)
[2026-03-08 17:30:00]   Task fix-routing-404s: age 25m (timeout 120m)
[2026-03-08 17:30:00]   Task add-values-explanations: age 25m (timeout 120m)
[2026-03-08 17:30:00] Archiving 1 stale + 0 completed tasks...
[2026-03-08 17:40:00] Checking 8 active tasks...
[2026-03-08 17:40:00]   Task pattern-learning-system: age 158m (timeout 120m)
[2026-03-08 17:40:00]     ⚠️  STALE (exceeded timeout)
[2026-03-08 17:40:00]   Task test-final: age 124m (timeout 120m)
[2026-03-08 17:40:00]     ⚠️  STALE (exceeded timeout)
[2026-03-08 17:40:00]   Task fix-auth-system: age 35m (timeout 120m)
[2026-03-08 17:40:00]   Task fix-api-500-errors: age 35m (timeout 120m)
[2026-03-08 17:40:00]   Task fix-data-display-bugs: age 35m (timeout 120m)
[2026-03-08 17:40:00]   Task fix-performance-critical: age 35m (timeout 120m)
[2026-03-08 17:40:00]   Task fix-routing-404s: age 35m (timeout 120m)
[2026-03-08 17:40:01]   Task add-values-explanations: age 35m (timeout 120m)
[2026-03-08 17:40:01] Archiving 2 stale + 0 completed tasks...
[2026-03-08 17:50:00] Checking 8 active tasks...
[2026-03-08 17:50:00]   Task pattern-learning-system: age 168m (timeout 120m)
[2026-03-08 17:50:00]     ⚠️  STALE (exceeded timeout)
[2026-03-08 17:50:00]   Task test-final: age 134m (timeout 120m)
[2026-03-08 17:50:00]     ⚠️  STALE (exceeded timeout)
[2026-03-08 17:50:00]   Task fix-auth-system: age 45m (timeout 120m)
[2026-03-08 17:50:01]   Task fix-api-500-errors: age 45m (timeout 120m)
[2026-03-08 17:50:01]   Task fix-data-display-bugs: age 45m (timeout 120m)
[2026-03-08 17:50:01]   Task fix-performance-critical: age 45m (timeout 120m)
[2026-03-08 17:50:01]   Task fix-routing-404s: age 45m (timeout 120m)
[2026-03-08 17:50:01]   Task add-values-explanations: age 45m (timeout 120m)
[2026-03-08 17:50:01] Archiving 2 stale + 0 completed tasks...
[2026-03-08 18:00:00] Checking 8 active tasks...
[2026-03-08 18:00:00]   Task pattern-learning-system: age 178m (timeout 120m)
[2026-03-08 18:00:00]     ⚠️  STALE (exceeded timeout)
[2026-03-08 18:00:00]   Task test-final: age 144m (timeout 120m)
[2026-03-08 18:00:00]     ⚠️  STALE (exceeded timeout)
[2026-03-08 18:00:00]   Task fix-auth-system: age 55m (timeout 120m)
[2026-03-08 18:00:00]   Task fix-api-500-errors: age 55m (timeout 120m)
[2026-03-08 18:00:00]   Task fix-data-display-bugs: age 55m (timeout 120m)
[2026-03-08 18:00:00]   Task fix-performance-critical: age 55m (timeout 120m)
[2026-03-08 18:00:00]   Task fix-routing-404s: age 55m (timeout 120m)
[2026-03-08 18:00:00]   Task add-values-explanations: age 55m (timeout 120m)
[2026-03-08 18:00:00] Archiving 2 stale + 0 completed tasks...
[2026-03-08 18:10:00] Checking 8 active tasks...
[2026-03-08 18:10:01]   Task pattern-learning-system: age 188m (timeout 120m)
[2026-03-08 18:10:01]     ⚠️  STALE (exceeded timeout)
[2026-03-08 18:10:01]   Task test-final: age 154m (timeout 120m)
[2026-03-08 18:10:01]     ⚠️  STALE (exceeded timeout)
[2026-03-08 18:10:01]   Task fix-auth-system: age 65m (timeout 120m)
[2026-03-08 18:10:01]   Task fix-api-500-errors: age 65m (timeout 120m)
[2026-03-08 18:10:01]   Task fix-data-display-bugs: age 65m (timeout 120m)
[2026-03-08 18:10:01]   Task fix-performance-critical: age 65m (timeout 120m)
[2026-03-08 18:10:01]   Task fix-routing-404s: age 65m (timeout 120m)
[2026-03-08 18:10:01]   Task add-values-explanations: age 65m (timeout 120m)
[2026-03-08 18:10:01] Archiving 2 stale + 0 completed tasks...
[2026-03-08 18:20:00] Checking 8 active tasks...
[2026-03-08 18:20:00]   Task pattern-learning-system: age 198m (timeout 120m)
[2026-03-08 18:20:00]     ⚠️  STALE (exceeded timeout)
[2026-03-08 18:20:01]   Task test-final: age 164m (timeout 120m)
[2026-03-08 18:20:01]     ⚠️  STALE (exceeded timeout)
[2026-03-08 18:20:01]   Task fix-auth-system: age 75m (timeout 120m)
[2026-03-08 18:20:01]   Task fix-api-500-errors: age 75m (timeout 120m)
[2026-03-08 18:20:01]   Task fix-data-display-bugs: age 75m (timeout 120m)
[2026-03-08 18:20:01]   Task fix-performance-critical: age 75m (timeout 120m)
[2026-03-08 18:20:01]   Task fix-routing-404s: age 75m (timeout 120m)
[2026-03-08 18:20:01]   Task add-values-explanations: age 75m (timeout 120m)
[2026-03-08 18:20:01] Archiving 2 stale + 0 completed tasks...
