2026-02-09 13:26:43 - vector-memory - ERROR - Failed to initialize VectorMemory: not enough values to unpack (expected 2, got 0)
Traceback (most recent call last):
  File "/Users/jeffdaniels/.openclaw/workspace/infrastructure/context_retention/vector_memory.py", line 65, in __init__
    faiss, _ = get_dependencies()
ValueError: not enough values to unpack (expected 2, got 0)
2026-02-09 13:26:43 - vector-memory - ERROR - Failed to initialize VectorMemory: not enough values to unpack (expected 2, got 0)
Traceback (most recent call last):
  File "/Users/jeffdaniels/.openclaw/workspace/infrastructure/context_retention/vector_memory.py", line 65, in __init__
    faiss, _ = get_dependencies()
ValueError: not enough values to unpack (expected 2, got 0)
2026-02-09 13:26:43 - vector-memory - ERROR - Failed to initialize VectorMemory: not enough values to unpack (expected 2, got 0)
Traceback (most recent call last):
  File "/Users/jeffdaniels/.openclaw/workspace/infrastructure/context_retention/vector_memory.py", line 65, in __init__
    faiss, _ = get_dependencies()
ValueError: not enough values to unpack (expected 2, got 0)
2026-02-09 13:26:43 - vector-memory - INFO - Loading existing FAISS index...
2026-02-09 13:26:43 - vector-memory - INFO - Loaded index with 0 vectors
2026-02-09 13:26:43 - vector-memory - WARNING - Vector index is empty, returning no results
2026-02-09 13:26:43 - vector-memory - INFO - Loading existing FAISS index...
2026-02-09 13:26:43 - vector-memory - INFO - Loaded index with 0 vectors
2026-02-09 13:26:43 - vector-memory - ERROR - Failed to add conversation: 1 validation error for ConversationMetadata
session
  Field required [type=missing, input_value={'agent': 'test'}, input_type=dict]
    For further information visit https://errors.pydantic.dev/2.12/v/missing
Traceback (most recent call last):
  File "/Users/jeffdaniels/.openclaw/workspace/infrastructure/context_retention/vector_memory.py", line 105, in add_conversation
    validated_metadata = ConversationMetadata(**metadata)
  File "/Users/jeffdaniels/Library/Python/3.9/lib/python/site-packages/pydantic/main.py", line 250, in __init__
    validated_self = self.__pydantic_validator__.validate_python(data, self_instance=self)
pydantic_core._pydantic_core.ValidationError: 1 validation error for ConversationMetadata
session
  Field required [type=missing, input_value={'agent': 'test'}, input_type=dict]
    For further information visit https://errors.pydantic.dev/2.12/v/missing
2026-02-09 13:26:43 - vector-memory - ERROR - Failed to initialize VectorMemory: not enough values to unpack (expected 2, got 0)
Traceback (most recent call last):
  File "/Users/jeffdaniels/.openclaw/workspace/infrastructure/context_retention/vector_memory.py", line 65, in __init__
    faiss, _ = get_dependencies()
ValueError: not enough values to unpack (expected 2, got 0)
2026-02-09 13:26:43 - vector-memory - INFO - Loading existing FAISS index...
2026-02-09 13:26:43 - vector-memory - INFO - Loaded index with 0 vectors
2026-02-09 13:26:43 - vector-memory - ERROR - Failed to add conversation: 1 validation error for ConversationMetadata
session
  Field required [type=missing, input_value={'agent': 'bolt'}, input_type=dict]
    For further information visit https://errors.pydantic.dev/2.12/v/missing
Traceback (most recent call last):
  File "/Users/jeffdaniels/.openclaw/workspace/infrastructure/context_retention/vector_memory.py", line 105, in add_conversation
    validated_metadata = ConversationMetadata(**metadata)
  File "/Users/jeffdaniels/Library/Python/3.9/lib/python/site-packages/pydantic/main.py", line 250, in __init__
    validated_self = self.__pydantic_validator__.validate_python(data, self_instance=self)
pydantic_core._pydantic_core.ValidationError: 1 validation error for ConversationMetadata
session
  Field required [type=missing, input_value={'agent': 'bolt'}, input_type=dict]
    For further information visit https://errors.pydantic.dev/2.12/v/missing
2026-02-09 13:26:43 - vector-memory - INFO - Loading existing FAISS index...
2026-02-09 13:26:43 - vector-memory - INFO - Loaded index with 0 vectors
2026-02-09 13:26:43 - vector-memory - INFO - ✓ Added 1 chunks to vector memory (agent=bolt)
2026-02-09 13:27:46 - vector-memory - ERROR - Failed to initialize VectorMemory: not enough values to unpack (expected 2, got 0)
Traceback (most recent call last):
  File "/Users/jeffdaniels/.openclaw/workspace/infrastructure/context_retention/vector_memory.py", line 65, in __init__
    faiss, _ = get_dependencies()
ValueError: not enough values to unpack (expected 2, got 0)
2026-02-09 13:27:46 - vector-memory - ERROR - Failed to initialize VectorMemory: not enough values to unpack (expected 2, got 0)
Traceback (most recent call last):
  File "/Users/jeffdaniels/.openclaw/workspace/infrastructure/context_retention/vector_memory.py", line 65, in __init__
    faiss, _ = get_dependencies()
ValueError: not enough values to unpack (expected 2, got 0)
2026-02-09 13:27:46 - vector-memory - ERROR - Failed to initialize VectorMemory: not enough values to unpack (expected 2, got 0)
Traceback (most recent call last):
  File "/Users/jeffdaniels/.openclaw/workspace/infrastructure/context_retention/vector_memory.py", line 65, in __init__
    faiss, _ = get_dependencies()
ValueError: not enough values to unpack (expected 2, got 0)
2026-02-09 13:27:46 - vector-memory - INFO - Loading existing FAISS index...
2026-02-09 13:27:46 - vector-memory - INFO - Loaded index with 0 vectors
2026-02-09 13:27:46 - vector-memory - WARNING - Vector index is empty, returning no results
2026-02-09 13:27:46 - vector-memory - INFO - Loading existing FAISS index...
2026-02-09 13:27:46 - vector-memory - INFO - Loaded index with 0 vectors
2026-02-09 13:27:46 - vector-memory - ERROR - Failed to add conversation: 1 validation error for ConversationMetadata
session
  Field required [type=missing, input_value={'agent': 'test'}, input_type=dict]
    For further information visit https://errors.pydantic.dev/2.12/v/missing
Traceback (most recent call last):
  File "/Users/jeffdaniels/.openclaw/workspace/infrastructure/context_retention/vector_memory.py", line 105, in add_conversation
    validated_metadata = ConversationMetadata(**metadata)
  File "/Users/jeffdaniels/Library/Python/3.9/lib/python/site-packages/pydantic/main.py", line 250, in __init__
    validated_self = self.__pydantic_validator__.validate_python(data, self_instance=self)
pydantic_core._pydantic_core.ValidationError: 1 validation error for ConversationMetadata
session
  Field required [type=missing, input_value={'agent': 'test'}, input_type=dict]
    For further information visit https://errors.pydantic.dev/2.12/v/missing
2026-02-09 13:27:46 - vector-memory - ERROR - Failed to initialize VectorMemory: not enough values to unpack (expected 2, got 0)
Traceback (most recent call last):
  File "/Users/jeffdaniels/.openclaw/workspace/infrastructure/context_retention/vector_memory.py", line 65, in __init__
    faiss, _ = get_dependencies()
ValueError: not enough values to unpack (expected 2, got 0)
2026-02-09 13:27:46 - vector-memory - INFO - Loading existing FAISS index...
2026-02-09 13:27:46 - vector-memory - INFO - Loaded index with 0 vectors
2026-02-09 13:27:46 - vector-memory - ERROR - Failed to add conversation: 1 validation error for ConversationMetadata
session
  Field required [type=missing, input_value={'agent': 'bolt'}, input_type=dict]
    For further information visit https://errors.pydantic.dev/2.12/v/missing
Traceback (most recent call last):
  File "/Users/jeffdaniels/.openclaw/workspace/infrastructure/context_retention/vector_memory.py", line 105, in add_conversation
    validated_metadata = ConversationMetadata(**metadata)
  File "/Users/jeffdaniels/Library/Python/3.9/lib/python/site-packages/pydantic/main.py", line 250, in __init__
    validated_self = self.__pydantic_validator__.validate_python(data, self_instance=self)
pydantic_core._pydantic_core.ValidationError: 1 validation error for ConversationMetadata
session
  Field required [type=missing, input_value={'agent': 'bolt'}, input_type=dict]
    For further information visit https://errors.pydantic.dev/2.12/v/missing
2026-02-09 13:27:46 - vector-memory - INFO - Loading existing FAISS index...
2026-02-09 13:27:46 - vector-memory - INFO - Loaded index with 0 vectors
2026-02-09 13:27:46 - vector-memory - INFO - ✓ Added 1 chunks to vector memory (agent=bolt)
2026-02-09 13:31:52 - vector-memory - INFO - Loading existing FAISS index...
2026-02-09 13:31:52 - vector-memory - INFO - Loaded index with 0 vectors
2026-02-09 13:31:52 - vector-memory - INFO - Loading existing FAISS index...
2026-02-09 13:31:52 - vector-memory - INFO - Loaded index with 0 vectors
2026-02-09 13:31:52 - vector-memory - INFO - Loading existing FAISS index...
2026-02-09 13:31:52 - vector-memory - INFO - Loaded index with 0 vectors
2026-02-09 13:31:52 - vector-memory - INFO - Loading existing FAISS index...
2026-02-09 13:31:52 - vector-memory - INFO - Loaded index with 0 vectors
2026-02-09 13:31:52 - vector-memory - INFO - ✓ Added 1 chunks to vector memory (agent=test)
2026-02-09 13:31:52 - vector-memory - INFO - Loading existing FAISS index...
2026-02-09 13:31:52 - vector-memory - INFO - Loaded index with 0 vectors
2026-02-09 13:31:52 - vector-memory - WARNING - Vector index is empty, returning no results
2026-02-09 13:31:52 - vector-memory - INFO - Loading existing FAISS index...
2026-02-09 13:31:52 - vector-memory - INFO - Loaded index with 0 vectors
2026-02-09 13:31:52 - vector-memory - INFO - ✓ Added 1 chunks to vector memory (agent=test)
2026-02-09 13:31:52 - vector-memory - WARNING - Requested top_k=1000 but index only has 1 vectors, using 1
2026-02-09 13:31:52 - vector-memory - INFO - ✓ Search completed in 0.3ms, found 1 results
2026-02-09 13:31:52 - vector-memory - INFO - Loading model all-MiniLM-L6-v2 (singleton)...
2026-02-09 13:31:52 - vector-memory - INFO - ✓ Model loaded and cached
2026-02-09 13:31:52 - vector-memory - INFO - Loading existing FAISS index...
2026-02-09 13:31:52 - vector-memory - INFO - Loaded index with 0 vectors
2026-02-09 13:31:52 - vector-memory - INFO - ✓ Added 1 chunks to vector memory (agent=test)
2026-02-09 13:31:52 - vector-memory - INFO - Loading existing FAISS index...
2026-02-09 13:31:52 - vector-memory - INFO - Loaded index with 0 vectors
2026-02-09 13:31:52 - vector-memory - INFO - Loading existing FAISS index...
2026-02-09 13:31:52 - vector-memory - INFO - Loaded index with 0 vectors
2026-02-09 13:31:52 - vector-memory - INFO - ✓ Added 1 chunks to vector memory (agent=bolt)
2026-02-09 13:31:52 - vector-memory - INFO - ✓ Search completed in 0.1ms, found 1 results
2026-02-09 13:31:52 - vector-memory - INFO - Loading existing FAISS index...
2026-02-09 13:31:52 - vector-memory - INFO - Loaded index with 0 vectors
2026-02-09 13:31:52 - vector-memory - INFO - ✓ Added 1 chunks to vector memory (agent=bolt)
2026-02-09 13:32:35 - vector-memory - INFO - Loading existing FAISS index...
2026-02-09 13:32:35 - vector-memory - INFO - Loaded index with 0 vectors
2026-02-09 13:32:35 - vector-memory - INFO - Loading existing FAISS index...
2026-02-09 13:32:35 - vector-memory - INFO - Loaded index with 0 vectors
2026-02-09 13:32:35 - vector-memory - INFO - Loading existing FAISS index...
2026-02-09 13:32:35 - vector-memory - INFO - Loaded index with 0 vectors
2026-02-09 13:32:35 - vector-memory - INFO - Loading existing FAISS index...
2026-02-09 13:32:35 - vector-memory - INFO - Loaded index with 0 vectors
2026-02-09 13:32:35 - vector-memory - INFO - ✓ Added 1 chunks to vector memory (agent=test)
2026-02-09 13:32:35 - vector-memory - INFO - Loading existing FAISS index...
2026-02-09 13:32:35 - vector-memory - INFO - Loaded index with 0 vectors
2026-02-09 13:32:35 - vector-memory - WARNING - Vector index is empty, returning no results
2026-02-09 13:32:35 - vector-memory - INFO - Loading existing FAISS index...
2026-02-09 13:32:35 - vector-memory - INFO - Loaded index with 0 vectors
2026-02-09 13:32:35 - vector-memory - INFO - ✓ Added 1 chunks to vector memory (agent=test)
2026-02-09 13:32:35 - vector-memory - WARNING - Requested top_k=1000 but index only has 1 vectors, using 1
2026-02-09 13:32:35 - vector-memory - INFO - ✓ Search completed in 0.1ms, found 1 results
2026-02-09 13:32:35 - vector-memory - INFO - Loading model all-MiniLM-L6-v2 (singleton)...
2026-02-09 13:32:35 - vector-memory - INFO - ✓ Model loaded and cached
2026-02-09 13:32:35 - vector-memory - INFO - Loading existing FAISS index...
2026-02-09 13:32:35 - vector-memory - INFO - Loaded index with 0 vectors
2026-02-09 13:32:35 - vector-memory - INFO - ✓ Added 1 chunks to vector memory (agent=test)
2026-02-09 13:32:35 - vector-memory - INFO - Loading existing FAISS index...
2026-02-09 13:32:35 - vector-memory - INFO - Loaded index with 0 vectors
2026-02-09 13:32:35 - vector-memory - INFO - Loading existing FAISS index...
2026-02-09 13:32:35 - vector-memory - INFO - Loaded index with 0 vectors
2026-02-09 13:32:35 - vector-memory - INFO - ✓ Added 1 chunks to vector memory (agent=bolt)
2026-02-09 13:32:35 - vector-memory - INFO - ✓ Search completed in 0.0ms, found 1 results
2026-02-09 13:32:35 - vector-memory - INFO - Loading existing FAISS index...
2026-02-09 13:32:35 - vector-memory - INFO - Loaded index with 0 vectors
2026-02-09 13:32:35 - vector-memory - INFO - ✓ Added 1 chunks to vector memory (agent=bolt)
2026-02-09 13:33:08 - vector-memory - INFO - Loading existing FAISS index...
2026-02-09 13:33:08 - vector-memory - INFO - Loaded index with 0 vectors
2026-02-09 13:33:08 - vector-memory - INFO - Loading existing FAISS index...
2026-02-09 13:33:08 - vector-memory - INFO - Loaded index with 0 vectors
2026-02-09 13:33:08 - vector-memory - INFO - Loading existing FAISS index...
2026-02-09 13:33:08 - vector-memory - INFO - Loaded index with 0 vectors
2026-02-09 13:33:08 - vector-memory - INFO - Loading existing FAISS index...
2026-02-09 13:33:08 - vector-memory - INFO - Loaded index with 0 vectors
2026-02-09 13:33:08 - vector-memory - INFO - ✓ Added 1 chunks to vector memory (agent=test)
2026-02-09 13:33:08 - vector-memory - INFO - Loading existing FAISS index...
2026-02-09 13:33:08 - vector-memory - INFO - Loaded index with 0 vectors
2026-02-09 13:33:08 - vector-memory - WARNING - Vector index is empty, returning no results
2026-02-09 13:33:08 - vector-memory - INFO - Loading existing FAISS index...
2026-02-09 13:33:08 - vector-memory - INFO - Loaded index with 0 vectors
2026-02-09 13:33:08 - vector-memory - INFO - ✓ Added 1 chunks to vector memory (agent=test)
2026-02-09 13:33:08 - vector-memory - WARNING - Requested top_k=1000 but index only has 1 vectors, using 1
2026-02-09 13:33:08 - vector-memory - INFO - ✓ Search completed in 0.1ms, found 1 results
2026-02-09 13:33:08 - vector-memory - INFO - Loading model all-MiniLM-L6-v2 (singleton)...
2026-02-09 13:33:08 - vector-memory - INFO - ✓ Model loaded and cached
2026-02-09 13:33:08 - vector-memory - INFO - Loading existing FAISS index...
2026-02-09 13:33:08 - vector-memory - INFO - Loaded index with 0 vectors
2026-02-09 13:33:08 - vector-memory - INFO - ✓ Added 1 chunks to vector memory (agent=test)
2026-02-09 13:33:08 - vector-memory - INFO - Loading existing FAISS index...
2026-02-09 13:33:08 - vector-memory - INFO - Loaded index with 0 vectors
2026-02-09 13:33:08 - vector-memory - INFO - Loading existing FAISS index...
2026-02-09 13:33:08 - vector-memory - INFO - Loaded index with 0 vectors
2026-02-09 13:33:08 - vector-memory - INFO - ✓ Added 1 chunks to vector memory (agent=bolt)
2026-02-09 13:33:08 - vector-memory - INFO - ✓ Search completed in 0.0ms, found 1 results
2026-02-09 13:33:08 - vector-memory - INFO - Loading existing FAISS index...
2026-02-09 13:33:08 - vector-memory - INFO - Loaded index with 0 vectors
2026-02-09 13:33:08 - vector-memory - INFO - ✓ Added 1 chunks to vector memory (agent=bolt)
2026-02-09 13:33:18 - vector-memory - INFO - Loading existing FAISS index...
2026-02-09 13:33:18 - vector-memory - INFO - Loaded index with 0 vectors
2026-02-09 13:33:18 - vector-memory - INFO - Loading existing FAISS index...
2026-02-09 13:33:18 - vector-memory - INFO - Loaded index with 0 vectors
2026-02-09 13:33:18 - vector-memory - INFO - Loading existing FAISS index...
2026-02-09 13:33:18 - vector-memory - INFO - Loaded index with 0 vectors
2026-02-09 13:33:18 - vector-memory - INFO - Loading existing FAISS index...
2026-02-09 13:33:18 - vector-memory - INFO - Loaded index with 0 vectors
2026-02-09 13:33:18 - vector-memory - INFO - ✓ Added 1 chunks to vector memory (agent=test)
2026-02-09 13:33:18 - vector-memory - INFO - Loading existing FAISS index...
2026-02-09 13:33:18 - vector-memory - INFO - Loaded index with 0 vectors
2026-02-09 13:33:18 - vector-memory - WARNING - Vector index is empty, returning no results
2026-02-09 13:33:18 - vector-memory - INFO - Loading existing FAISS index...
2026-02-09 13:33:18 - vector-memory - INFO - Loaded index with 0 vectors
2026-02-09 13:33:18 - vector-memory - INFO - ✓ Added 1 chunks to vector memory (agent=test)
2026-02-09 13:33:18 - vector-memory - WARNING - Requested top_k=1000 but index only has 1 vectors, using 1
2026-02-09 13:33:18 - vector-memory - INFO - ✓ Search completed in 0.1ms, found 1 results
2026-02-09 13:33:18 - vector-memory - INFO - Loading model all-MiniLM-L6-v2 (singleton)...
2026-02-09 13:33:18 - vector-memory - INFO - ✓ Model loaded and cached
2026-02-09 13:33:18 - vector-memory - INFO - Loading existing FAISS index...
2026-02-09 13:33:18 - vector-memory - INFO - Loaded index with 0 vectors
2026-02-09 13:33:18 - vector-memory - INFO - ✓ Added 1 chunks to vector memory (agent=test)
2026-02-09 13:33:18 - vector-memory - INFO - Loading existing FAISS index...
2026-02-09 13:33:18 - vector-memory - INFO - Loaded index with 0 vectors
2026-02-09 13:33:18 - vector-memory - INFO - Loading existing FAISS index...
2026-02-09 13:33:18 - vector-memory - INFO - Loaded index with 0 vectors
2026-02-09 13:33:18 - vector-memory - INFO - ✓ Added 1 chunks to vector memory (agent=bolt)
2026-02-09 13:33:18 - vector-memory - INFO - ✓ Search completed in 0.0ms, found 1 results
2026-02-09 13:33:18 - vector-memory - INFO - Loading existing FAISS index...
2026-02-09 13:33:18 - vector-memory - INFO - Loaded index with 0 vectors
2026-02-09 13:33:18 - vector-memory - INFO - ✓ Added 1 chunks to vector memory (agent=bolt)
2026-02-09 13:33:45 - vector-memory - INFO - Loading existing FAISS index...
2026-02-09 13:33:45 - vector-memory - INFO - Loaded index with 0 vectors
2026-02-09 13:33:45 - vector-memory - INFO - Loading existing FAISS index...
2026-02-09 13:33:45 - vector-memory - INFO - Loaded index with 0 vectors
2026-02-09 13:33:45 - vector-memory - INFO - Loading existing FAISS index...
2026-02-09 13:33:45 - vector-memory - INFO - Loaded index with 0 vectors
2026-02-09 13:33:45 - vector-memory - INFO - Loading existing FAISS index...
2026-02-09 13:33:45 - vector-memory - INFO - Loaded index with 0 vectors
2026-02-09 13:33:45 - vector-memory - INFO - ✓ Added 1 chunks to vector memory (agent=test)
2026-02-09 13:33:45 - vector-memory - INFO - Loading existing FAISS index...
2026-02-09 13:33:45 - vector-memory - INFO - Loaded index with 0 vectors
2026-02-09 13:33:45 - vector-memory - WARNING - Vector index is empty, returning no results
2026-02-09 13:33:45 - vector-memory - INFO - Loading existing FAISS index...
2026-02-09 13:33:45 - vector-memory - INFO - Loaded index with 0 vectors
2026-02-09 13:33:45 - vector-memory - INFO - ✓ Added 1 chunks to vector memory (agent=test)
2026-02-09 13:33:45 - vector-memory - WARNING - Requested top_k=1000 but index only has 1 vectors, using 1
2026-02-09 13:33:45 - vector-memory - INFO - ✓ Search completed in 0.1ms, found 1 results
2026-02-09 13:33:45 - vector-memory - INFO - Loading model all-MiniLM-L6-v2 (singleton)...
2026-02-09 13:33:45 - vector-memory - INFO - ✓ Model loaded and cached
2026-02-09 13:33:45 - vector-memory - INFO - Loading existing FAISS index...
2026-02-09 13:33:45 - vector-memory - INFO - Loaded index with 0 vectors
2026-02-09 13:33:45 - vector-memory - INFO - ✓ Added 1 chunks to vector memory (agent=test)
2026-02-09 13:33:45 - vector-memory - INFO - Loading existing FAISS index...
2026-02-09 13:33:45 - vector-memory - INFO - Loaded index with 0 vectors
2026-02-09 13:33:45 - vector-memory - INFO - Loading existing FAISS index...
2026-02-09 13:33:45 - vector-memory - INFO - Loaded index with 0 vectors
2026-02-09 13:33:45 - vector-memory - INFO - ✓ Added 1 chunks to vector memory (agent=bolt)
2026-02-09 13:33:45 - vector-memory - INFO - ✓ Search completed in 0.0ms, found 1 results
2026-02-09 13:33:45 - vector-memory - INFO - Loading existing FAISS index...
2026-02-09 13:33:45 - vector-memory - INFO - Loaded index with 0 vectors
2026-02-09 13:33:45 - vector-memory - INFO - ✓ Added 1 chunks to vector memory (agent=bolt)
2026-02-09 13:40:01 - vector-memory - INFO - Loading existing FAISS index...
2026-02-09 13:40:01 - vector-memory - INFO - Loaded index with 0 vectors
2026-02-09 13:40:01 - vector-memory - INFO - Loading existing FAISS index...
2026-02-09 13:40:01 - vector-memory - INFO - Loaded index with 0 vectors
2026-02-09 13:40:01 - vector-memory - INFO - Loading existing FAISS index...
2026-02-09 13:40:01 - vector-memory - INFO - Loaded index with 0 vectors
2026-02-09 13:40:01 - vector-memory - INFO - Loading existing FAISS index...
2026-02-09 13:40:01 - vector-memory - INFO - Loaded index with 0 vectors
2026-02-09 13:40:01 - vector-memory - INFO - ✓ Added 1 chunks to vector memory (agent=test)
2026-02-09 13:40:01 - vector-memory - INFO - Loading existing FAISS index...
2026-02-09 13:40:01 - vector-memory - INFO - Loaded index with 0 vectors
2026-02-09 13:40:01 - vector-memory - WARNING - Vector index is empty, returning no results
2026-02-09 13:40:01 - vector-memory - INFO - Loading existing FAISS index...
2026-02-09 13:40:01 - vector-memory - INFO - Loaded index with 0 vectors
2026-02-09 13:40:01 - vector-memory - INFO - ✓ Added 1 chunks to vector memory (agent=test)
2026-02-09 13:40:01 - vector-memory - WARNING - Requested top_k=1000 but index only has 1 vectors, using 1
2026-02-09 13:40:01 - vector-memory - INFO - ✓ Search completed in 0.1ms, found 1 results
2026-02-09 13:40:01 - vector-memory - INFO - Loading model all-MiniLM-L6-v2 (singleton)...
2026-02-09 13:40:01 - vector-memory - INFO - ✓ Model loaded and cached
2026-02-09 13:40:01 - vector-memory - INFO - Loading existing FAISS index...
2026-02-09 13:40:01 - vector-memory - INFO - Loaded index with 0 vectors
2026-02-09 13:40:01 - vector-memory - INFO - ✓ Added 1 chunks to vector memory (agent=test)
2026-02-09 13:40:01 - vector-memory - INFO - Saved vector memory (7 chunks)
2026-02-09 13:40:01 - vector-memory - INFO - Loading existing FAISS index...
2026-02-09 13:40:01 - vector-memory - INFO - Loaded index with 0 vectors
2026-02-09 13:40:01 - vector-memory - INFO - Loading existing FAISS index...
2026-02-09 13:40:01 - vector-memory - INFO - Loaded index with 0 vectors
2026-02-09 13:40:01 - vector-memory - INFO - ✓ Added 1 chunks to vector memory (agent=bolt)
2026-02-09 13:40:01 - vector-memory - INFO - ✓ Search completed in 0.0ms, found 1 results
2026-02-09 13:40:01 - vector-memory - INFO - Loading existing FAISS index...
2026-02-09 13:40:01 - vector-memory - INFO - Loaded index with 0 vectors
2026-02-09 13:40:01 - vector-memory - INFO - ✓ Added 1 chunks to vector memory (agent=bolt)
2026-02-09 13:41:30 - vector-memory - INFO - Loading existing FAISS index...
2026-02-09 13:41:30 - vector-memory - INFO - Loaded index with 0 vectors
2026-02-09 13:41:30 - vector-memory - INFO - Loading existing FAISS index...
2026-02-09 13:41:30 - vector-memory - INFO - Loaded index with 0 vectors
2026-02-09 13:41:30 - vector-memory - INFO - Loading existing FAISS index...
2026-02-09 13:41:30 - vector-memory - INFO - Loaded index with 0 vectors
2026-02-09 13:41:30 - vector-memory - INFO - Loading existing FAISS index...
2026-02-09 13:41:30 - vector-memory - INFO - Loaded index with 0 vectors
2026-02-09 13:41:30 - vector-memory - INFO - ✓ Added 1 chunks to vector memory (agent=test)
2026-02-09 13:41:30 - vector-memory - INFO - Loading existing FAISS index...
2026-02-09 13:41:30 - vector-memory - INFO - Loaded index with 0 vectors
2026-02-09 13:41:30 - vector-memory - WARNING - Vector index is empty, returning no results
2026-02-09 13:41:30 - vector-memory - INFO - Loading existing FAISS index...
2026-02-09 13:41:30 - vector-memory - INFO - Loaded index with 0 vectors
2026-02-09 13:41:30 - vector-memory - INFO - ✓ Added 1 chunks to vector memory (agent=test)
2026-02-09 13:41:30 - vector-memory - WARNING - Requested top_k=1000 but index only has 1 vectors, using 1
2026-02-09 13:41:30 - vector-memory - INFO - ✓ Search completed in 0.1ms, found 1 results
2026-02-09 13:41:30 - vector-memory - INFO - Loading model all-MiniLM-L6-v2 (singleton)...
2026-02-09 13:41:30 - vector-memory - INFO - ✓ Model loaded and cached
2026-02-09 13:41:30 - vector-memory - INFO - Loading existing FAISS index...
2026-02-09 13:41:30 - vector-memory - INFO - Loaded index with 0 vectors
2026-02-09 13:41:30 - vector-memory - INFO - ✓ Added 1 chunks to vector memory (agent=test)
2026-02-09 13:41:30 - vector-memory - INFO - Saved vector memory (8 chunks)
2026-02-09 13:41:30 - vector-memory - INFO - Loading existing FAISS index...
2026-02-09 13:41:30 - vector-memory - INFO - Loaded index with 0 vectors
2026-02-09 13:41:30 - vector-memory - INFO - Loading existing FAISS index...
2026-02-09 13:41:30 - vector-memory - INFO - Loaded index with 0 vectors
2026-02-09 13:41:30 - vector-memory - INFO - ✓ Added 1 chunks to vector memory (agent=bolt)
2026-02-09 13:41:30 - vector-memory - INFO - ✓ Search completed in 0.0ms, found 1 results
2026-02-09 13:41:30 - vector-memory - INFO - Loading existing FAISS index...
2026-02-09 13:41:30 - vector-memory - INFO - Loaded index with 0 vectors
2026-02-09 13:41:30 - vector-memory - INFO - ✓ Added 1 chunks to vector memory (agent=bolt)
2026-02-09 13:43:42 - vector-memory - INFO - Loading existing FAISS index...
2026-02-09 13:43:42 - vector-memory - INFO - Loaded index with 0 vectors
2026-02-09 13:43:42 - vector-memory - INFO - Loading existing FAISS index...
2026-02-09 13:43:42 - vector-memory - INFO - Loaded index with 0 vectors
2026-02-09 13:43:42 - vector-memory - INFO - Loading existing FAISS index...
2026-02-09 13:43:42 - vector-memory - INFO - Loaded index with 0 vectors
2026-02-09 13:43:42 - vector-memory - INFO - Loading existing FAISS index...
2026-02-09 13:43:42 - vector-memory - INFO - Loaded index with 0 vectors
2026-02-09 13:43:42 - vector-memory - INFO - ✓ Added 1 chunks to vector memory (agent=test)
2026-02-09 13:43:42 - vector-memory - INFO - Loading existing FAISS index...
2026-02-09 13:43:42 - vector-memory - INFO - Loaded index with 0 vectors
2026-02-09 13:43:42 - vector-memory - WARNING - Vector index is empty, returning no results
2026-02-09 13:43:42 - vector-memory - INFO - Loading existing FAISS index...
2026-02-09 13:43:42 - vector-memory - INFO - Loaded index with 0 vectors
2026-02-09 13:43:42 - vector-memory - INFO - ✓ Added 1 chunks to vector memory (agent=test)
2026-02-09 13:43:42 - vector-memory - WARNING - Requested top_k=1000 but index only has 1 vectors, using 1
2026-02-09 13:43:42 - vector-memory - INFO - ✓ Search completed in 0.1ms, found 1 results
2026-02-09 13:43:42 - vector-memory - INFO - Loading model all-MiniLM-L6-v2 (singleton)...
2026-02-09 13:43:42 - vector-memory - INFO - ✓ Model loaded and cached
2026-02-09 13:43:42 - vector-memory - INFO - Loading existing FAISS index...
2026-02-09 13:43:42 - vector-memory - INFO - Loaded index with 0 vectors
2026-02-09 13:43:42 - vector-memory - INFO - ✓ Added 1 chunks to vector memory (agent=test)
2026-02-09 13:43:42 - vector-memory - INFO - Saved vector memory (9 chunks)
2026-02-09 13:43:42 - vector-memory - INFO - Loading existing FAISS index...
2026-02-09 13:43:42 - vector-memory - INFO - Loaded index with 0 vectors
2026-02-09 13:43:42 - vector-memory - INFO - Loading existing FAISS index...
2026-02-09 13:43:42 - vector-memory - INFO - Loaded index with 0 vectors
2026-02-09 13:43:42 - vector-memory - INFO - ✓ Added 1 chunks to vector memory (agent=bolt)
2026-02-09 13:43:42 - vector-memory - INFO - ✓ Search completed in 0.0ms, found 1 results
2026-02-09 13:43:42 - vector-memory - INFO - Loading existing FAISS index...
2026-02-09 13:43:42 - vector-memory - INFO - Loaded index with 0 vectors
2026-02-09 13:43:42 - vector-memory - INFO - ✓ Added 1 chunks to vector memory (agent=bolt)
